<?xml version="1.0" encoding="UTF-8"?>
<robot generator="Robot 6.1.1 (Python 3.11.4 on win32)" generated="20231012 14:17:10.516" rpa="false" schemaversion="4">
<suite id="s1" name="Trinity" source="c:\Users\edemq\OneDrive - Hämeen ammattikorkeakoulu\Työpöytä\PythonHamk\SoftwareTesting\trinitysoftwaretesting\trinity.robot">
<test id="s1-t1" name="Open Webpage" line="43">
<kw name="Open Browser" library="SeleniumLibrary">
<arg>${website}</arg>
<arg>${browser}</arg>
<arg>options=add_experimental_option("detach", True)</arg>
<doc>Opens a new browser instance to the optional ``url``.</doc>
<msg timestamp="20231012 14:17:10.712" level="INFO">Opening browser 'Chrome' to base url 'http://jimms.fi'.</msg>
<status status="PASS" starttime="20231012 14:17:10.711" endtime="20231012 14:17:15.156"/>
</kw>
<kw name="Maximize Browser Window" library="SeleniumLibrary">
<doc>Maximizes current browser window.</doc>
<status status="PASS" starttime="20231012 14:17:15.157" endtime="20231012 14:17:15.416"/>
</kw>
<status status="PASS" starttime="20231012 14:17:10.709" endtime="20231012 14:17:15.417"/>
</test>
<test id="s1-t2" name="Do all product categories have a &quot;landing page&quot;" line="48">
<kw name="Get Element Count" library="SeleniumLibrary">
<var>${count}</var>
<arg>xpath:/html/body/header/div/div[1]/jim-drilldown-mega-menu/nav/ul/li[*]/a</arg>
<doc>Returns the number of elements matching ``locator``.</doc>
<msg timestamp="20231012 14:17:15.421" level="WARN">Keyword 'Get Element Count' found both from a custom library 'SeleniumLibrary' and a standard library 'XML'. The custom keyword is used. To select explicitly, and to get rid of this warning, use either 'SeleniumLibrary.Get Element Count' or 'XML.Get Element Count'.</msg>
<msg timestamp="20231012 14:17:15.471" level="INFO">${count} = 10</msg>
<status status="PASS" starttime="20231012 14:17:15.421" endtime="20231012 14:17:15.471"/>
</kw>
<for flavor="IN RANGE">
<var>${index}</var>
<value>1</value>
<value>${count}+1</value>
<iter>
<var name="${index}">1</var>
<kw name="Log" library="BuiltIn">
<arg>${index}</arg>
<doc>Logs the given message with the given level.</doc>
<msg timestamp="20231012 14:17:15.474" level="INFO">1</msg>
<status status="PASS" starttime="20231012 14:17:15.473" endtime="20231012 14:17:15.474"/>
</kw>
<kw name="Set Variable" library="BuiltIn">
<var>${testElement}</var>
<arg>xpath:/html/body/header/div/div[1]/jim-drilldown-mega-menu/nav/ul/li[${index}]/a</arg>
<doc>Returns the given values which can then be assigned to a variables.</doc>
<msg timestamp="20231012 14:17:15.474" level="INFO">${testElement} = xpath:/html/body/header/div/div[1]/jim-drilldown-mega-menu/nav/ul/li[1]/a</msg>
<status status="PASS" starttime="20231012 14:17:15.474" endtime="20231012 14:17:15.474"/>
</kw>
<kw name="Log" library="BuiltIn">
<arg>${testElement}</arg>
<doc>Logs the given message with the given level.</doc>
<msg timestamp="20231012 14:17:15.474" level="INFO">xpath:/html/body/header/div/div[1]/jim-drilldown-mega-menu/nav/ul/li[1]/a</msg>
<status status="PASS" starttime="20231012 14:17:15.474" endtime="20231012 14:17:15.474"/>
</kw>
<kw name="Get Text" library="SeleniumLibrary">
<var>${text}</var>
<arg>${testElement}</arg>
<doc>Returns the text value of the element identified by ``locator``.</doc>
<msg timestamp="20231012 14:17:15.504" level="INFO">${text} = Tietokoneet</msg>
<status status="PASS" starttime="20231012 14:17:15.475" endtime="20231012 14:17:15.504"/>
</kw>
<kw name="Log" library="BuiltIn">
<arg>${text}</arg>
<doc>Logs the given message with the given level.</doc>
<msg timestamp="20231012 14:17:15.505" level="INFO">Tietokoneet</msg>
<status status="PASS" starttime="20231012 14:17:15.505" endtime="20231012 14:17:15.505"/>
</kw>
<kw name="Get Element Attribute" library="SeleniumLibrary">
<var>${testAttributes}</var>
<arg>${testElement}</arg>
<arg>href</arg>
<doc>Returns the value of ``attribute`` from the element ``locator``.</doc>
<msg timestamp="20231012 14:17:15.505" level="WARN">Keyword 'Get Element Attribute' found both from a custom library 'SeleniumLibrary' and a standard library 'XML'. The custom keyword is used. To select explicitly, and to get rid of this warning, use either 'SeleniumLibrary.Get Element Attribute' or 'XML.Get Element Attribute'.</msg>
<msg timestamp="20231012 14:17:15.523" level="INFO">${testAttributes} = https://www.jimms.fi/fi/Product/Tietokoneet</msg>
<status status="PASS" starttime="20231012 14:17:15.505" endtime="20231012 14:17:15.523"/>
</kw>
<kw name="Run Keyword And Continue On Failure" library="BuiltIn">
<arg>Should Not Be Empty</arg>
<arg>${testAttributes}</arg>
<doc>Runs the keyword and continues execution even if a failure occurs.</doc>
<kw name="Should Not Be Empty" library="BuiltIn">
<arg>${testAttributes}</arg>
<doc>Verifies that the given item is not empty.</doc>
<msg timestamp="20231012 14:17:15.524" level="INFO">Length is 43</msg>
<status status="PASS" starttime="20231012 14:17:15.523" endtime="20231012 14:17:15.524"/>
</kw>
<status status="PASS" starttime="20231012 14:17:15.523" endtime="20231012 14:17:15.524"/>
</kw>
<kw name="Click Element" library="SeleniumLibrary">
<arg>${testElement}</arg>
<doc>Click the element identified by ``locator``.</doc>
<msg timestamp="20231012 14:17:15.525" level="INFO">Clicking element 'xpath:/html/body/header/div/div[1]/jim-drilldown-mega-menu/nav/ul/li[1]/a'.</msg>
<status status="PASS" starttime="20231012 14:17:15.525" endtime="20231012 14:17:15.589"/>
</kw>
<kw name="Sleep" library="BuiltIn">
<arg>2s</arg>
<doc>Pauses the test executed for the given time.</doc>
<msg timestamp="20231012 14:17:17.589" level="INFO">Slept 2 seconds</msg>
<status status="PASS" starttime="20231012 14:17:15.589" endtime="20231012 14:17:17.589"/>
</kw>
<status status="PASS" starttime="20231012 14:17:15.473" endtime="20231012 14:17:17.589"/>
</iter>
<iter>
<var name="${index}">2</var>
<kw name="Log" library="BuiltIn">
<arg>${index}</arg>
<doc>Logs the given message with the given level.</doc>
<msg timestamp="20231012 14:17:17.590" level="INFO">2</msg>
<status status="PASS" starttime="20231012 14:17:17.589" endtime="20231012 14:17:17.590"/>
</kw>
<kw name="Set Variable" library="BuiltIn">
<var>${testElement}</var>
<arg>xpath:/html/body/header/div/div[1]/jim-drilldown-mega-menu/nav/ul/li[${index}]/a</arg>
<doc>Returns the given values which can then be assigned to a variables.</doc>
<msg timestamp="20231012 14:17:17.590" level="INFO">${testElement} = xpath:/html/body/header/div/div[1]/jim-drilldown-mega-menu/nav/ul/li[2]/a</msg>
<status status="PASS" starttime="20231012 14:17:17.590" endtime="20231012 14:17:17.590"/>
</kw>
<kw name="Log" library="BuiltIn">
<arg>${testElement}</arg>
<doc>Logs the given message with the given level.</doc>
<msg timestamp="20231012 14:17:17.591" level="INFO">xpath:/html/body/header/div/div[1]/jim-drilldown-mega-menu/nav/ul/li[2]/a</msg>
<status status="PASS" starttime="20231012 14:17:17.590" endtime="20231012 14:17:17.591"/>
</kw>
<kw name="Get Text" library="SeleniumLibrary">
<var>${text}</var>
<arg>${testElement}</arg>
<doc>Returns the text value of the element identified by ``locator``.</doc>
<msg timestamp="20231012 14:17:17.605" level="INFO">${text} = Komponentit</msg>
<status status="PASS" starttime="20231012 14:17:17.591" endtime="20231012 14:17:17.605"/>
</kw>
<kw name="Log" library="BuiltIn">
<arg>${text}</arg>
<doc>Logs the given message with the given level.</doc>
<msg timestamp="20231012 14:17:17.605" level="INFO">Komponentit</msg>
<status status="PASS" starttime="20231012 14:17:17.605" endtime="20231012 14:17:17.605"/>
</kw>
<kw name="Get Element Attribute" library="SeleniumLibrary">
<var>${testAttributes}</var>
<arg>${testElement}</arg>
<arg>href</arg>
<doc>Returns the value of ``attribute`` from the element ``locator``.</doc>
<msg timestamp="20231012 14:17:17.605" level="WARN">Keyword 'Get Element Attribute' found both from a custom library 'SeleniumLibrary' and a standard library 'XML'. The custom keyword is used. To select explicitly, and to get rid of this warning, use either 'SeleniumLibrary.Get Element Attribute' or 'XML.Get Element Attribute'.</msg>
<msg timestamp="20231012 14:17:17.619" level="INFO">${testAttributes} = https://www.jimms.fi/fi/Product/Komponentit</msg>
<status status="PASS" starttime="20231012 14:17:17.605" endtime="20231012 14:17:17.619"/>
</kw>
<kw name="Run Keyword And Continue On Failure" library="BuiltIn">
<arg>Should Not Be Empty</arg>
<arg>${testAttributes}</arg>
<doc>Runs the keyword and continues execution even if a failure occurs.</doc>
<kw name="Should Not Be Empty" library="BuiltIn">
<arg>${testAttributes}</arg>
<doc>Verifies that the given item is not empty.</doc>
<msg timestamp="20231012 14:17:17.620" level="INFO">Length is 43</msg>
<status status="PASS" starttime="20231012 14:17:17.619" endtime="20231012 14:17:17.620"/>
</kw>
<status status="PASS" starttime="20231012 14:17:17.619" endtime="20231012 14:17:17.620"/>
</kw>
<kw name="Click Element" library="SeleniumLibrary">
<arg>${testElement}</arg>
<doc>Click the element identified by ``locator``.</doc>
<msg timestamp="20231012 14:17:17.620" level="INFO">Clicking element 'xpath:/html/body/header/div/div[1]/jim-drilldown-mega-menu/nav/ul/li[2]/a'.</msg>
<status status="PASS" starttime="20231012 14:17:17.620" endtime="20231012 14:17:17.679"/>
</kw>
<kw name="Sleep" library="BuiltIn">
<arg>2s</arg>
<doc>Pauses the test executed for the given time.</doc>
<msg timestamp="20231012 14:17:19.681" level="INFO">Slept 2 seconds</msg>
<status status="PASS" starttime="20231012 14:17:17.679" endtime="20231012 14:17:19.681"/>
</kw>
<status status="PASS" starttime="20231012 14:17:17.589" endtime="20231012 14:17:19.681"/>
</iter>
<iter>
<var name="${index}">3</var>
<kw name="Log" library="BuiltIn">
<arg>${index}</arg>
<doc>Logs the given message with the given level.</doc>
<msg timestamp="20231012 14:17:19.682" level="INFO">3</msg>
<status status="PASS" starttime="20231012 14:17:19.682" endtime="20231012 14:17:19.682"/>
</kw>
<kw name="Set Variable" library="BuiltIn">
<var>${testElement}</var>
<arg>xpath:/html/body/header/div/div[1]/jim-drilldown-mega-menu/nav/ul/li[${index}]/a</arg>
<doc>Returns the given values which can then be assigned to a variables.</doc>
<msg timestamp="20231012 14:17:19.682" level="INFO">${testElement} = xpath:/html/body/header/div/div[1]/jim-drilldown-mega-menu/nav/ul/li[3]/a</msg>
<status status="PASS" starttime="20231012 14:17:19.682" endtime="20231012 14:17:19.682"/>
</kw>
<kw name="Log" library="BuiltIn">
<arg>${testElement}</arg>
<doc>Logs the given message with the given level.</doc>
<msg timestamp="20231012 14:17:19.683" level="INFO">xpath:/html/body/header/div/div[1]/jim-drilldown-mega-menu/nav/ul/li[3]/a</msg>
<status status="PASS" starttime="20231012 14:17:19.683" endtime="20231012 14:17:19.683"/>
</kw>
<kw name="Get Text" library="SeleniumLibrary">
<var>${text}</var>
<arg>${testElement}</arg>
<doc>Returns the text value of the element identified by ``locator``.</doc>
<msg timestamp="20231012 14:17:19.705" level="INFO">${text} = Oheislaitteet</msg>
<status status="PASS" starttime="20231012 14:17:19.683" endtime="20231012 14:17:19.705"/>
</kw>
<kw name="Log" library="BuiltIn">
<arg>${text}</arg>
<doc>Logs the given message with the given level.</doc>
<msg timestamp="20231012 14:17:19.706" level="INFO">Oheislaitteet</msg>
<status status="PASS" starttime="20231012 14:17:19.706" endtime="20231012 14:17:19.706"/>
</kw>
<kw name="Get Element Attribute" library="SeleniumLibrary">
<var>${testAttributes}</var>
<arg>${testElement}</arg>
<arg>href</arg>
<doc>Returns the value of ``attribute`` from the element ``locator``.</doc>
<msg timestamp="20231012 14:17:19.706" level="WARN">Keyword 'Get Element Attribute' found both from a custom library 'SeleniumLibrary' and a standard library 'XML'. The custom keyword is used. To select explicitly, and to get rid of this warning, use either 'SeleniumLibrary.Get Element Attribute' or 'XML.Get Element Attribute'.</msg>
<msg timestamp="20231012 14:17:19.717" level="INFO">${testAttributes} = https://www.jimms.fi/fi/Product/Oheislaitteet</msg>
<status status="PASS" starttime="20231012 14:17:19.706" endtime="20231012 14:17:19.718"/>
</kw>
<kw name="Run Keyword And Continue On Failure" library="BuiltIn">
<arg>Should Not Be Empty</arg>
<arg>${testAttributes}</arg>
<doc>Runs the keyword and continues execution even if a failure occurs.</doc>
<kw name="Should Not Be Empty" library="BuiltIn">
<arg>${testAttributes}</arg>
<doc>Verifies that the given item is not empty.</doc>
<msg timestamp="20231012 14:17:19.718" level="INFO">Length is 45</msg>
<status status="PASS" starttime="20231012 14:17:19.718" endtime="20231012 14:17:19.718"/>
</kw>
<status status="PASS" starttime="20231012 14:17:19.718" endtime="20231012 14:17:19.718"/>
</kw>
<kw name="Click Element" library="SeleniumLibrary">
<arg>${testElement}</arg>
<doc>Click the element identified by ``locator``.</doc>
<msg timestamp="20231012 14:17:19.719" level="INFO">Clicking element 'xpath:/html/body/header/div/div[1]/jim-drilldown-mega-menu/nav/ul/li[3]/a'.</msg>
<status status="PASS" starttime="20231012 14:17:19.718" endtime="20231012 14:17:19.760"/>
</kw>
<kw name="Sleep" library="BuiltIn">
<arg>2s</arg>
<doc>Pauses the test executed for the given time.</doc>
<msg timestamp="20231012 14:17:21.762" level="INFO">Slept 2 seconds</msg>
<status status="PASS" starttime="20231012 14:17:19.761" endtime="20231012 14:17:21.762"/>
</kw>
<status status="PASS" starttime="20231012 14:17:19.681" endtime="20231012 14:17:21.762"/>
</iter>
<iter>
<var name="${index}">4</var>
<kw name="Log" library="BuiltIn">
<arg>${index}</arg>
<doc>Logs the given message with the given level.</doc>
<msg timestamp="20231012 14:17:21.764" level="INFO">4</msg>
<status status="PASS" starttime="20231012 14:17:21.763" endtime="20231012 14:17:21.764"/>
</kw>
<kw name="Set Variable" library="BuiltIn">
<var>${testElement}</var>
<arg>xpath:/html/body/header/div/div[1]/jim-drilldown-mega-menu/nav/ul/li[${index}]/a</arg>
<doc>Returns the given values which can then be assigned to a variables.</doc>
<msg timestamp="20231012 14:17:21.764" level="INFO">${testElement} = xpath:/html/body/header/div/div[1]/jim-drilldown-mega-menu/nav/ul/li[4]/a</msg>
<status status="PASS" starttime="20231012 14:17:21.764" endtime="20231012 14:17:21.764"/>
</kw>
<kw name="Log" library="BuiltIn">
<arg>${testElement}</arg>
<doc>Logs the given message with the given level.</doc>
<msg timestamp="20231012 14:17:21.765" level="INFO">xpath:/html/body/header/div/div[1]/jim-drilldown-mega-menu/nav/ul/li[4]/a</msg>
<status status="PASS" starttime="20231012 14:17:21.765" endtime="20231012 14:17:21.765"/>
</kw>
<kw name="Get Text" library="SeleniumLibrary">
<var>${text}</var>
<arg>${testElement}</arg>
<doc>Returns the text value of the element identified by ``locator``.</doc>
<msg timestamp="20231012 14:17:21.785" level="INFO">${text} = Pelaaminen</msg>
<status status="PASS" starttime="20231012 14:17:21.765" endtime="20231012 14:17:21.785"/>
</kw>
<kw name="Log" library="BuiltIn">
<arg>${text}</arg>
<doc>Logs the given message with the given level.</doc>
<msg timestamp="20231012 14:17:21.786" level="INFO">Pelaaminen</msg>
<status status="PASS" starttime="20231012 14:17:21.786" endtime="20231012 14:17:21.786"/>
</kw>
<kw name="Get Element Attribute" library="SeleniumLibrary">
<var>${testAttributes}</var>
<arg>${testElement}</arg>
<arg>href</arg>
<doc>Returns the value of ``attribute`` from the element ``locator``.</doc>
<msg timestamp="20231012 14:17:21.786" level="WARN">Keyword 'Get Element Attribute' found both from a custom library 'SeleniumLibrary' and a standard library 'XML'. The custom keyword is used. To select explicitly, and to get rid of this warning, use either 'SeleniumLibrary.Get Element Attribute' or 'XML.Get Element Attribute'.</msg>
<msg timestamp="20231012 14:17:21.798" level="INFO">${testAttributes} = https://www.jimms.fi/fi/Product/Pelaaminen</msg>
<status status="PASS" starttime="20231012 14:17:21.786" endtime="20231012 14:17:21.798"/>
</kw>
<kw name="Run Keyword And Continue On Failure" library="BuiltIn">
<arg>Should Not Be Empty</arg>
<arg>${testAttributes}</arg>
<doc>Runs the keyword and continues execution even if a failure occurs.</doc>
<kw name="Should Not Be Empty" library="BuiltIn">
<arg>${testAttributes}</arg>
<doc>Verifies that the given item is not empty.</doc>
<msg timestamp="20231012 14:17:21.799" level="INFO">Length is 42</msg>
<status status="PASS" starttime="20231012 14:17:21.798" endtime="20231012 14:17:21.799"/>
</kw>
<status status="PASS" starttime="20231012 14:17:21.798" endtime="20231012 14:17:21.799"/>
</kw>
<kw name="Click Element" library="SeleniumLibrary">
<arg>${testElement}</arg>
<doc>Click the element identified by ``locator``.</doc>
<msg timestamp="20231012 14:17:21.799" level="INFO">Clicking element 'xpath:/html/body/header/div/div[1]/jim-drilldown-mega-menu/nav/ul/li[4]/a'.</msg>
<status status="PASS" starttime="20231012 14:17:21.799" endtime="20231012 14:17:21.842"/>
</kw>
<kw name="Sleep" library="BuiltIn">
<arg>2s</arg>
<doc>Pauses the test executed for the given time.</doc>
<msg timestamp="20231012 14:17:23.843" level="INFO">Slept 2 seconds</msg>
<status status="PASS" starttime="20231012 14:17:21.843" endtime="20231012 14:17:23.844"/>
</kw>
<status status="PASS" starttime="20231012 14:17:21.763" endtime="20231012 14:17:23.844"/>
</iter>
<iter>
<var name="${index}">5</var>
<kw name="Log" library="BuiltIn">
<arg>${index}</arg>
<doc>Logs the given message with the given level.</doc>
<msg timestamp="20231012 14:17:23.846" level="INFO">5</msg>
<status status="PASS" starttime="20231012 14:17:23.845" endtime="20231012 14:17:23.846"/>
</kw>
<kw name="Set Variable" library="BuiltIn">
<var>${testElement}</var>
<arg>xpath:/html/body/header/div/div[1]/jim-drilldown-mega-menu/nav/ul/li[${index}]/a</arg>
<doc>Returns the given values which can then be assigned to a variables.</doc>
<msg timestamp="20231012 14:17:23.847" level="INFO">${testElement} = xpath:/html/body/header/div/div[1]/jim-drilldown-mega-menu/nav/ul/li[5]/a</msg>
<status status="PASS" starttime="20231012 14:17:23.847" endtime="20231012 14:17:23.847"/>
</kw>
<kw name="Log" library="BuiltIn">
<arg>${testElement}</arg>
<doc>Logs the given message with the given level.</doc>
<msg timestamp="20231012 14:17:23.848" level="INFO">xpath:/html/body/header/div/div[1]/jim-drilldown-mega-menu/nav/ul/li[5]/a</msg>
<status status="PASS" starttime="20231012 14:17:23.847" endtime="20231012 14:17:23.848"/>
</kw>
<kw name="Get Text" library="SeleniumLibrary">
<var>${text}</var>
<arg>${testElement}</arg>
<doc>Returns the text value of the element identified by ``locator``.</doc>
<msg timestamp="20231012 14:17:23.864" level="INFO">${text} = Verkkotuotteet</msg>
<status status="PASS" starttime="20231012 14:17:23.848" endtime="20231012 14:17:23.864"/>
</kw>
<kw name="Log" library="BuiltIn">
<arg>${text}</arg>
<doc>Logs the given message with the given level.</doc>
<msg timestamp="20231012 14:17:23.864" level="INFO">Verkkotuotteet</msg>
<status status="PASS" starttime="20231012 14:17:23.864" endtime="20231012 14:17:23.864"/>
</kw>
<kw name="Get Element Attribute" library="SeleniumLibrary">
<var>${testAttributes}</var>
<arg>${testElement}</arg>
<arg>href</arg>
<doc>Returns the value of ``attribute`` from the element ``locator``.</doc>
<msg timestamp="20231012 14:17:23.864" level="WARN">Keyword 'Get Element Attribute' found both from a custom library 'SeleniumLibrary' and a standard library 'XML'. The custom keyword is used. To select explicitly, and to get rid of this warning, use either 'SeleniumLibrary.Get Element Attribute' or 'XML.Get Element Attribute'.</msg>
<msg timestamp="20231012 14:17:23.886" level="INFO">${testAttributes} = https://www.jimms.fi/fi/Product/Verkkotuotteet</msg>
<status status="PASS" starttime="20231012 14:17:23.864" endtime="20231012 14:17:23.886"/>
</kw>
<kw name="Run Keyword And Continue On Failure" library="BuiltIn">
<arg>Should Not Be Empty</arg>
<arg>${testAttributes}</arg>
<doc>Runs the keyword and continues execution even if a failure occurs.</doc>
<kw name="Should Not Be Empty" library="BuiltIn">
<arg>${testAttributes}</arg>
<doc>Verifies that the given item is not empty.</doc>
<msg timestamp="20231012 14:17:23.887" level="INFO">Length is 46</msg>
<status status="PASS" starttime="20231012 14:17:23.887" endtime="20231012 14:17:23.887"/>
</kw>
<status status="PASS" starttime="20231012 14:17:23.886" endtime="20231012 14:17:23.887"/>
</kw>
<kw name="Click Element" library="SeleniumLibrary">
<arg>${testElement}</arg>
<doc>Click the element identified by ``locator``.</doc>
<msg timestamp="20231012 14:17:23.888" level="INFO">Clicking element 'xpath:/html/body/header/div/div[1]/jim-drilldown-mega-menu/nav/ul/li[5]/a'.</msg>
<status status="PASS" starttime="20231012 14:17:23.887" endtime="20231012 14:17:23.935"/>
</kw>
<kw name="Sleep" library="BuiltIn">
<arg>2s</arg>
<doc>Pauses the test executed for the given time.</doc>
<msg timestamp="20231012 14:17:25.936" level="INFO">Slept 2 seconds</msg>
<status status="PASS" starttime="20231012 14:17:23.935" endtime="20231012 14:17:25.936"/>
</kw>
<status status="PASS" starttime="20231012 14:17:23.845" endtime="20231012 14:17:25.937"/>
</iter>
<iter>
<var name="${index}">6</var>
<kw name="Log" library="BuiltIn">
<arg>${index}</arg>
<doc>Logs the given message with the given level.</doc>
<msg timestamp="20231012 14:17:25.938" level="INFO">6</msg>
<status status="PASS" starttime="20231012 14:17:25.937" endtime="20231012 14:17:25.938"/>
</kw>
<kw name="Set Variable" library="BuiltIn">
<var>${testElement}</var>
<arg>xpath:/html/body/header/div/div[1]/jim-drilldown-mega-menu/nav/ul/li[${index}]/a</arg>
<doc>Returns the given values which can then be assigned to a variables.</doc>
<msg timestamp="20231012 14:17:25.939" level="INFO">${testElement} = xpath:/html/body/header/div/div[1]/jim-drilldown-mega-menu/nav/ul/li[6]/a</msg>
<status status="PASS" starttime="20231012 14:17:25.939" endtime="20231012 14:17:25.939"/>
</kw>
<kw name="Log" library="BuiltIn">
<arg>${testElement}</arg>
<doc>Logs the given message with the given level.</doc>
<msg timestamp="20231012 14:17:25.940" level="INFO">xpath:/html/body/header/div/div[1]/jim-drilldown-mega-menu/nav/ul/li[6]/a</msg>
<status status="PASS" starttime="20231012 14:17:25.939" endtime="20231012 14:17:25.940"/>
</kw>
<kw name="Get Text" library="SeleniumLibrary">
<var>${text}</var>
<arg>${testElement}</arg>
<doc>Returns the text value of the element identified by ``locator``.</doc>
<msg timestamp="20231012 14:17:25.958" level="INFO">${text} = Tarvikkeet</msg>
<status status="PASS" starttime="20231012 14:17:25.940" endtime="20231012 14:17:25.958"/>
</kw>
<kw name="Log" library="BuiltIn">
<arg>${text}</arg>
<doc>Logs the given message with the given level.</doc>
<msg timestamp="20231012 14:17:25.959" level="INFO">Tarvikkeet</msg>
<status status="PASS" starttime="20231012 14:17:25.959" endtime="20231012 14:17:25.959"/>
</kw>
<kw name="Get Element Attribute" library="SeleniumLibrary">
<var>${testAttributes}</var>
<arg>${testElement}</arg>
<arg>href</arg>
<doc>Returns the value of ``attribute`` from the element ``locator``.</doc>
<msg timestamp="20231012 14:17:25.959" level="WARN">Keyword 'Get Element Attribute' found both from a custom library 'SeleniumLibrary' and a standard library 'XML'. The custom keyword is used. To select explicitly, and to get rid of this warning, use either 'SeleniumLibrary.Get Element Attribute' or 'XML.Get Element Attribute'.</msg>
<msg timestamp="20231012 14:17:25.973" level="INFO">${testAttributes} = https://www.jimms.fi/fi/Product/Tarvikkeet</msg>
<status status="PASS" starttime="20231012 14:17:25.959" endtime="20231012 14:17:25.974"/>
</kw>
<kw name="Run Keyword And Continue On Failure" library="BuiltIn">
<arg>Should Not Be Empty</arg>
<arg>${testAttributes}</arg>
<doc>Runs the keyword and continues execution even if a failure occurs.</doc>
<kw name="Should Not Be Empty" library="BuiltIn">
<arg>${testAttributes}</arg>
<doc>Verifies that the given item is not empty.</doc>
<msg timestamp="20231012 14:17:25.974" level="INFO">Length is 42</msg>
<status status="PASS" starttime="20231012 14:17:25.974" endtime="20231012 14:17:25.974"/>
</kw>
<status status="PASS" starttime="20231012 14:17:25.974" endtime="20231012 14:17:25.974"/>
</kw>
<kw name="Click Element" library="SeleniumLibrary">
<arg>${testElement}</arg>
<doc>Click the element identified by ``locator``.</doc>
<msg timestamp="20231012 14:17:25.975" level="INFO">Clicking element 'xpath:/html/body/header/div/div[1]/jim-drilldown-mega-menu/nav/ul/li[6]/a'.</msg>
<status status="PASS" starttime="20231012 14:17:25.974" endtime="20231012 14:17:26.019"/>
</kw>
<kw name="Sleep" library="BuiltIn">
<arg>2s</arg>
<doc>Pauses the test executed for the given time.</doc>
<msg timestamp="20231012 14:17:28.020" level="INFO">Slept 2 seconds</msg>
<status status="PASS" starttime="20231012 14:17:26.019" endtime="20231012 14:17:28.020"/>
</kw>
<status status="PASS" starttime="20231012 14:17:25.937" endtime="20231012 14:17:28.021"/>
</iter>
<iter>
<var name="${index}">7</var>
<kw name="Log" library="BuiltIn">
<arg>${index}</arg>
<doc>Logs the given message with the given level.</doc>
<msg timestamp="20231012 14:17:28.022" level="INFO">7</msg>
<status status="PASS" starttime="20231012 14:17:28.022" endtime="20231012 14:17:28.023"/>
</kw>
<kw name="Set Variable" library="BuiltIn">
<var>${testElement}</var>
<arg>xpath:/html/body/header/div/div[1]/jim-drilldown-mega-menu/nav/ul/li[${index}]/a</arg>
<doc>Returns the given values which can then be assigned to a variables.</doc>
<msg timestamp="20231012 14:17:28.023" level="INFO">${testElement} = xpath:/html/body/header/div/div[1]/jim-drilldown-mega-menu/nav/ul/li[7]/a</msg>
<status status="PASS" starttime="20231012 14:17:28.023" endtime="20231012 14:17:28.024"/>
</kw>
<kw name="Log" library="BuiltIn">
<arg>${testElement}</arg>
<doc>Logs the given message with the given level.</doc>
<msg timestamp="20231012 14:17:28.024" level="INFO">xpath:/html/body/header/div/div[1]/jim-drilldown-mega-menu/nav/ul/li[7]/a</msg>
<status status="PASS" starttime="20231012 14:17:28.024" endtime="20231012 14:17:28.024"/>
</kw>
<kw name="Get Text" library="SeleniumLibrary">
<var>${text}</var>
<arg>${testElement}</arg>
<doc>Returns the text value of the element identified by ``locator``.</doc>
<msg timestamp="20231012 14:17:28.043" level="INFO">${text} = Erikoistuotteet</msg>
<status status="PASS" starttime="20231012 14:17:28.024" endtime="20231012 14:17:28.043"/>
</kw>
<kw name="Log" library="BuiltIn">
<arg>${text}</arg>
<doc>Logs the given message with the given level.</doc>
<msg timestamp="20231012 14:17:28.043" level="INFO">Erikoistuotteet</msg>
<status status="PASS" starttime="20231012 14:17:28.043" endtime="20231012 14:17:28.044"/>
</kw>
<kw name="Get Element Attribute" library="SeleniumLibrary">
<var>${testAttributes}</var>
<arg>${testElement}</arg>
<arg>href</arg>
<doc>Returns the value of ``attribute`` from the element ``locator``.</doc>
<msg timestamp="20231012 14:17:28.044" level="WARN">Keyword 'Get Element Attribute' found both from a custom library 'SeleniumLibrary' and a standard library 'XML'. The custom keyword is used. To select explicitly, and to get rid of this warning, use either 'SeleniumLibrary.Get Element Attribute' or 'XML.Get Element Attribute'.</msg>
<msg timestamp="20231012 14:17:28.056" level="INFO">${testAttributes} = https://www.jimms.fi/fi/Product/Erikoistuotteet</msg>
<status status="PASS" starttime="20231012 14:17:28.044" endtime="20231012 14:17:28.056"/>
</kw>
<kw name="Run Keyword And Continue On Failure" library="BuiltIn">
<arg>Should Not Be Empty</arg>
<arg>${testAttributes}</arg>
<doc>Runs the keyword and continues execution even if a failure occurs.</doc>
<kw name="Should Not Be Empty" library="BuiltIn">
<arg>${testAttributes}</arg>
<doc>Verifies that the given item is not empty.</doc>
<msg timestamp="20231012 14:17:28.057" level="INFO">Length is 47</msg>
<status status="PASS" starttime="20231012 14:17:28.057" endtime="20231012 14:17:28.057"/>
</kw>
<status status="PASS" starttime="20231012 14:17:28.056" endtime="20231012 14:17:28.057"/>
</kw>
<kw name="Click Element" library="SeleniumLibrary">
<arg>${testElement}</arg>
<doc>Click the element identified by ``locator``.</doc>
<msg timestamp="20231012 14:17:28.057" level="INFO">Clicking element 'xpath:/html/body/header/div/div[1]/jim-drilldown-mega-menu/nav/ul/li[7]/a'.</msg>
<status status="PASS" starttime="20231012 14:17:28.057" endtime="20231012 14:17:28.097"/>
</kw>
<kw name="Sleep" library="BuiltIn">
<arg>2s</arg>
<doc>Pauses the test executed for the given time.</doc>
<msg timestamp="20231012 14:17:30.099" level="INFO">Slept 2 seconds</msg>
<status status="PASS" starttime="20231012 14:17:28.098" endtime="20231012 14:17:30.099"/>
</kw>
<status status="PASS" starttime="20231012 14:17:28.021" endtime="20231012 14:17:30.100"/>
</iter>
<iter>
<var name="${index}">8</var>
<kw name="Log" library="BuiltIn">
<arg>${index}</arg>
<doc>Logs the given message with the given level.</doc>
<msg timestamp="20231012 14:17:30.101" level="INFO">8</msg>
<status status="PASS" starttime="20231012 14:17:30.101" endtime="20231012 14:17:30.101"/>
</kw>
<kw name="Set Variable" library="BuiltIn">
<var>${testElement}</var>
<arg>xpath:/html/body/header/div/div[1]/jim-drilldown-mega-menu/nav/ul/li[${index}]/a</arg>
<doc>Returns the given values which can then be assigned to a variables.</doc>
<msg timestamp="20231012 14:17:30.102" level="INFO">${testElement} = xpath:/html/body/header/div/div[1]/jim-drilldown-mega-menu/nav/ul/li[8]/a</msg>
<status status="PASS" starttime="20231012 14:17:30.102" endtime="20231012 14:17:30.102"/>
</kw>
<kw name="Log" library="BuiltIn">
<arg>${testElement}</arg>
<doc>Logs the given message with the given level.</doc>
<msg timestamp="20231012 14:17:30.103" level="INFO">xpath:/html/body/header/div/div[1]/jim-drilldown-mega-menu/nav/ul/li[8]/a</msg>
<status status="PASS" starttime="20231012 14:17:30.102" endtime="20231012 14:17:30.103"/>
</kw>
<kw name="Get Text" library="SeleniumLibrary">
<var>${text}</var>
<arg>${testElement}</arg>
<doc>Returns the text value of the element identified by ``locator``.</doc>
<msg timestamp="20231012 14:17:30.123" level="INFO">${text} = Ohjelmistot</msg>
<status status="PASS" starttime="20231012 14:17:30.103" endtime="20231012 14:17:30.123"/>
</kw>
<kw name="Log" library="BuiltIn">
<arg>${text}</arg>
<doc>Logs the given message with the given level.</doc>
<msg timestamp="20231012 14:17:30.124" level="INFO">Ohjelmistot</msg>
<status status="PASS" starttime="20231012 14:17:30.124" endtime="20231012 14:17:30.124"/>
</kw>
<kw name="Get Element Attribute" library="SeleniumLibrary">
<var>${testAttributes}</var>
<arg>${testElement}</arg>
<arg>href</arg>
<doc>Returns the value of ``attribute`` from the element ``locator``.</doc>
<msg timestamp="20231012 14:17:30.124" level="WARN">Keyword 'Get Element Attribute' found both from a custom library 'SeleniumLibrary' and a standard library 'XML'. The custom keyword is used. To select explicitly, and to get rid of this warning, use either 'SeleniumLibrary.Get Element Attribute' or 'XML.Get Element Attribute'.</msg>
<msg timestamp="20231012 14:17:30.146" level="INFO">${testAttributes} = https://www.jimms.fi/fi/Product/Ohjelmistot</msg>
<status status="PASS" starttime="20231012 14:17:30.124" endtime="20231012 14:17:30.146"/>
</kw>
<kw name="Run Keyword And Continue On Failure" library="BuiltIn">
<arg>Should Not Be Empty</arg>
<arg>${testAttributes}</arg>
<doc>Runs the keyword and continues execution even if a failure occurs.</doc>
<kw name="Should Not Be Empty" library="BuiltIn">
<arg>${testAttributes}</arg>
<doc>Verifies that the given item is not empty.</doc>
<msg timestamp="20231012 14:17:30.147" level="INFO">Length is 43</msg>
<status status="PASS" starttime="20231012 14:17:30.147" endtime="20231012 14:17:30.147"/>
</kw>
<status status="PASS" starttime="20231012 14:17:30.146" endtime="20231012 14:17:30.147"/>
</kw>
<kw name="Click Element" library="SeleniumLibrary">
<arg>${testElement}</arg>
<doc>Click the element identified by ``locator``.</doc>
<msg timestamp="20231012 14:17:30.147" level="INFO">Clicking element 'xpath:/html/body/header/div/div[1]/jim-drilldown-mega-menu/nav/ul/li[8]/a'.</msg>
<status status="PASS" starttime="20231012 14:17:30.147" endtime="20231012 14:17:30.186"/>
</kw>
<kw name="Sleep" library="BuiltIn">
<arg>2s</arg>
<doc>Pauses the test executed for the given time.</doc>
<msg timestamp="20231012 14:17:32.187" level="INFO">Slept 2 seconds</msg>
<status status="PASS" starttime="20231012 14:17:30.187" endtime="20231012 14:17:32.187"/>
</kw>
<status status="PASS" starttime="20231012 14:17:30.100" endtime="20231012 14:17:32.188"/>
</iter>
<iter>
<var name="${index}">9</var>
<kw name="Log" library="BuiltIn">
<arg>${index}</arg>
<doc>Logs the given message with the given level.</doc>
<msg timestamp="20231012 14:17:32.189" level="INFO">9</msg>
<status status="PASS" starttime="20231012 14:17:32.188" endtime="20231012 14:17:32.189"/>
</kw>
<kw name="Set Variable" library="BuiltIn">
<var>${testElement}</var>
<arg>xpath:/html/body/header/div/div[1]/jim-drilldown-mega-menu/nav/ul/li[${index}]/a</arg>
<doc>Returns the given values which can then be assigned to a variables.</doc>
<msg timestamp="20231012 14:17:32.190" level="INFO">${testElement} = xpath:/html/body/header/div/div[1]/jim-drilldown-mega-menu/nav/ul/li[9]/a</msg>
<status status="PASS" starttime="20231012 14:17:32.189" endtime="20231012 14:17:32.191"/>
</kw>
<kw name="Log" library="BuiltIn">
<arg>${testElement}</arg>
<doc>Logs the given message with the given level.</doc>
<msg timestamp="20231012 14:17:32.191" level="INFO">xpath:/html/body/header/div/div[1]/jim-drilldown-mega-menu/nav/ul/li[9]/a</msg>
<status status="PASS" starttime="20231012 14:17:32.191" endtime="20231012 14:17:32.191"/>
</kw>
<kw name="Get Text" library="SeleniumLibrary">
<var>${text}</var>
<arg>${testElement}</arg>
<doc>Returns the text value of the element identified by ``locator``.</doc>
<msg timestamp="20231012 14:17:32.210" level="INFO">${text} = Palvelut</msg>
<status status="PASS" starttime="20231012 14:17:32.192" endtime="20231012 14:17:32.210"/>
</kw>
<kw name="Log" library="BuiltIn">
<arg>${text}</arg>
<doc>Logs the given message with the given level.</doc>
<msg timestamp="20231012 14:17:32.211" level="INFO">Palvelut</msg>
<status status="PASS" starttime="20231012 14:17:32.211" endtime="20231012 14:17:32.211"/>
</kw>
<kw name="Get Element Attribute" library="SeleniumLibrary">
<var>${testAttributes}</var>
<arg>${testElement}</arg>
<arg>href</arg>
<doc>Returns the value of ``attribute`` from the element ``locator``.</doc>
<msg timestamp="20231012 14:17:32.211" level="WARN">Keyword 'Get Element Attribute' found both from a custom library 'SeleniumLibrary' and a standard library 'XML'. The custom keyword is used. To select explicitly, and to get rid of this warning, use either 'SeleniumLibrary.Get Element Attribute' or 'XML.Get Element Attribute'.</msg>
<msg timestamp="20231012 14:17:32.222" level="INFO">${testAttributes} = https://www.jimms.fi/fi/Product/Palvelut</msg>
<status status="PASS" starttime="20231012 14:17:32.211" endtime="20231012 14:17:32.223"/>
</kw>
<kw name="Run Keyword And Continue On Failure" library="BuiltIn">
<arg>Should Not Be Empty</arg>
<arg>${testAttributes}</arg>
<doc>Runs the keyword and continues execution even if a failure occurs.</doc>
<kw name="Should Not Be Empty" library="BuiltIn">
<arg>${testAttributes}</arg>
<doc>Verifies that the given item is not empty.</doc>
<msg timestamp="20231012 14:17:32.224" level="INFO">Length is 40</msg>
<status status="PASS" starttime="20231012 14:17:32.224" endtime="20231012 14:17:32.224"/>
</kw>
<status status="PASS" starttime="20231012 14:17:32.223" endtime="20231012 14:17:32.224"/>
</kw>
<kw name="Click Element" library="SeleniumLibrary">
<arg>${testElement}</arg>
<doc>Click the element identified by ``locator``.</doc>
<msg timestamp="20231012 14:17:32.224" level="INFO">Clicking element 'xpath:/html/body/header/div/div[1]/jim-drilldown-mega-menu/nav/ul/li[9]/a'.</msg>
<status status="PASS" starttime="20231012 14:17:32.224" endtime="20231012 14:17:32.262"/>
</kw>
<kw name="Sleep" library="BuiltIn">
<arg>2s</arg>
<doc>Pauses the test executed for the given time.</doc>
<msg timestamp="20231012 14:17:34.263" level="INFO">Slept 2 seconds</msg>
<status status="PASS" starttime="20231012 14:17:32.262" endtime="20231012 14:17:34.264"/>
</kw>
<status status="PASS" starttime="20231012 14:17:32.188" endtime="20231012 14:17:34.264"/>
</iter>
<iter>
<var name="${index}">10</var>
<kw name="Log" library="BuiltIn">
<arg>${index}</arg>
<doc>Logs the given message with the given level.</doc>
<msg timestamp="20231012 14:17:34.265" level="INFO">10</msg>
<status status="PASS" starttime="20231012 14:17:34.265" endtime="20231012 14:17:34.266"/>
</kw>
<kw name="Set Variable" library="BuiltIn">
<var>${testElement}</var>
<arg>xpath:/html/body/header/div/div[1]/jim-drilldown-mega-menu/nav/ul/li[${index}]/a</arg>
<doc>Returns the given values which can then be assigned to a variables.</doc>
<msg timestamp="20231012 14:17:34.266" level="INFO">${testElement} = xpath:/html/body/header/div/div[1]/jim-drilldown-mega-menu/nav/ul/li[10]/a</msg>
<status status="PASS" starttime="20231012 14:17:34.266" endtime="20231012 14:17:34.267"/>
</kw>
<kw name="Log" library="BuiltIn">
<arg>${testElement}</arg>
<doc>Logs the given message with the given level.</doc>
<msg timestamp="20231012 14:17:34.267" level="INFO">xpath:/html/body/header/div/div[1]/jim-drilldown-mega-menu/nav/ul/li[10]/a</msg>
<status status="PASS" starttime="20231012 14:17:34.267" endtime="20231012 14:17:34.268"/>
</kw>
<kw name="Get Text" library="SeleniumLibrary">
<var>${text}</var>
<arg>${testElement}</arg>
<doc>Returns the text value of the element identified by ``locator``.</doc>
<msg timestamp="20231012 14:17:34.293" level="INFO">${text} = Kampanjat</msg>
<status status="PASS" starttime="20231012 14:17:34.268" endtime="20231012 14:17:34.293"/>
</kw>
<kw name="Log" library="BuiltIn">
<arg>${text}</arg>
<doc>Logs the given message with the given level.</doc>
<msg timestamp="20231012 14:17:34.293" level="INFO">Kampanjat</msg>
<status status="PASS" starttime="20231012 14:17:34.293" endtime="20231012 14:17:34.294"/>
</kw>
<kw name="Get Element Attribute" library="SeleniumLibrary">
<var>${testAttributes}</var>
<arg>${testElement}</arg>
<arg>href</arg>
<doc>Returns the value of ``attribute`` from the element ``locator``.</doc>
<msg timestamp="20231012 14:17:34.294" level="WARN">Keyword 'Get Element Attribute' found both from a custom library 'SeleniumLibrary' and a standard library 'XML'. The custom keyword is used. To select explicitly, and to get rid of this warning, use either 'SeleniumLibrary.Get Element Attribute' or 'XML.Get Element Attribute'.</msg>
<msg timestamp="20231012 14:17:34.307" level="INFO">${testAttributes} = None</msg>
<status status="PASS" starttime="20231012 14:17:34.294" endtime="20231012 14:17:34.307"/>
</kw>
<kw name="Run Keyword And Continue On Failure" library="BuiltIn">
<arg>Should Not Be Empty</arg>
<arg>${testAttributes}</arg>
<doc>Runs the keyword and continues execution even if a failure occurs.</doc>
<kw name="Should Not Be Empty" library="BuiltIn">
<arg>${testAttributes}</arg>
<doc>Verifies that the given item is not empty.</doc>
<msg timestamp="20231012 14:17:34.308" level="FAIL">Could not get length of 'None'.</msg>
<status status="FAIL" starttime="20231012 14:17:34.308" endtime="20231012 14:17:34.308"/>
</kw>
<status status="FAIL" starttime="20231012 14:17:34.308" endtime="20231012 14:17:34.308"/>
</kw>
<kw name="Click Element" library="SeleniumLibrary">
<arg>${testElement}</arg>
<doc>Click the element identified by ``locator``.</doc>
<msg timestamp="20231012 14:17:34.309" level="INFO">Clicking element 'xpath:/html/body/header/div/div[1]/jim-drilldown-mega-menu/nav/ul/li[10]/a'.</msg>
<status status="PASS" starttime="20231012 14:17:34.309" endtime="20231012 14:17:34.359"/>
</kw>
<kw name="Sleep" library="BuiltIn">
<arg>2s</arg>
<doc>Pauses the test executed for the given time.</doc>
<msg timestamp="20231012 14:17:36.360" level="INFO">Slept 2 seconds</msg>
<status status="PASS" starttime="20231012 14:17:34.360" endtime="20231012 14:17:36.360"/>
</kw>
<status status="FAIL" starttime="20231012 14:17:34.264" endtime="20231012 14:17:36.361"/>
</iter>
<status status="FAIL" starttime="20231012 14:17:15.472" endtime="20231012 14:17:36.361"/>
</for>
<kw name="Sleep" library="BuiltIn">
<arg>2s</arg>
<doc>Pauses the test executed for the given time.</doc>
<msg timestamp="20231012 14:17:38.362" level="INFO">Slept 2 seconds</msg>
<status status="PASS" starttime="20231012 14:17:36.361" endtime="20231012 14:17:38.362"/>
</kw>
<kw name="Close Browser" library="SeleniumLibrary">
<doc>Closes the current browser.</doc>
<status status="PASS" starttime="20231012 14:17:38.363" endtime="20231012 14:17:40.465"/>
</kw>
<status status="FAIL" starttime="20231012 14:17:15.419" endtime="20231012 14:17:40.466">Could not get length of 'None'.</status>
</test>
<test id="s1-t3" name="Search feature from main page" line="78">
<kw name="Open Browser" library="SeleniumLibrary">
<arg>https://www.jimms.fi/</arg>
<arg>${browser}</arg>
<doc>Opens a new browser instance to the optional ``url``.</doc>
<msg timestamp="20231012 14:17:40.468" level="INFO">Opening browser 'Chrome' to base url 'https://www.jimms.fi/'.</msg>
<status status="PASS" starttime="20231012 14:17:40.468" endtime="20231012 14:17:44.681"/>
</kw>
<kw name="Maximize Browser Window" library="SeleniumLibrary">
<doc>Maximizes current browser window.</doc>
<status status="PASS" starttime="20231012 14:17:44.683" endtime="20231012 14:17:44.965"/>
</kw>
<kw name="Click Element" library="SeleniumLibrary">
<arg>xpath://*[@id="searchinput"]</arg>
<doc>Click the element identified by ``locator``.</doc>
<msg timestamp="20231012 14:17:44.967" level="INFO">Clicking element 'xpath://*[@id="searchinput"]'.</msg>
<status status="PASS" starttime="20231012 14:17:44.966" endtime="20231012 14:17:45.067"/>
</kw>
<kw name="Sleep" library="BuiltIn">
<arg>1s</arg>
<doc>Pauses the test executed for the given time.</doc>
<msg timestamp="20231012 14:17:46.068" level="INFO">Slept 1 second</msg>
<status status="PASS" starttime="20231012 14:17:45.067" endtime="20231012 14:17:46.068"/>
</kw>
<kw name="Input Text" library="SeleniumLibrary">
<arg>name:q</arg>
<arg>${searchElement}</arg>
<doc>Types the given ``text`` into the text field identified by ``locator``.</doc>
<msg timestamp="20231012 14:17:46.070" level="INFO">Typing text 'PS5' into text field 'name:q'.</msg>
<status status="PASS" starttime="20231012 14:17:46.069" endtime="20231012 14:17:46.122"/>
</kw>
<kw name="Sleep" library="BuiltIn">
<arg>2s</arg>
<doc>Pauses the test executed for the given time.</doc>
<msg timestamp="20231012 14:17:48.123" level="INFO">Slept 2 seconds</msg>
<status status="PASS" starttime="20231012 14:17:46.123" endtime="20231012 14:17:48.123"/>
</kw>
<kw name="Press Keys" library="SeleniumLibrary">
<arg>name:q</arg>
<arg>ENTER</arg>
<doc>Simulates the user pressing key(s) to an element or on the active browser.</doc>
<msg timestamp="20231012 14:17:48.124" level="INFO">Sending key(s) ('ENTER',) to name:q element.</msg>
<msg timestamp="20231012 14:17:48.405" level="INFO">Pressing special key ENTER to element.</msg>
<msg timestamp="20231012 14:17:48.405" level="INFO">Releasing special key ENTER.</msg>
<status status="PASS" starttime="20231012 14:17:48.124" endtime="20231012 14:17:48.898"/>
</kw>
<kw name="Sleep" library="BuiltIn">
<arg>1s</arg>
<doc>Pauses the test executed for the given time.</doc>
<msg timestamp="20231012 14:17:49.901" level="INFO">Slept 1 second</msg>
<status status="PASS" starttime="20231012 14:17:48.899" endtime="20231012 14:17:49.901"/>
</kw>
<kw name="Set Screenshot Directory" library="SeleniumLibrary">
<arg>${path}</arg>
<doc>Sets the directory for captured screenshots.</doc>
<status status="PASS" starttime="20231012 14:17:49.902" endtime="20231012 14:17:49.903"/>
</kw>
<kw name="Wait Until Page Contains Element" library="SeleniumLibrary">
<arg>xpath:/html/body/main/div[2]/div/div[2]/div[5]/div/div[1]/product-box</arg>
<arg>3</arg>
<doc>Waits until the element ``locator`` appears on the current page.</doc>
<status status="PASS" starttime="20231012 14:17:49.904" endtime="20231012 14:17:49.915"/>
</kw>
<kw name="Sleep" library="BuiltIn">
<arg>1s</arg>
<doc>Pauses the test executed for the given time.</doc>
<msg timestamp="20231012 14:17:50.917" level="INFO">Slept 1 second</msg>
<status status="PASS" starttime="20231012 14:17:49.916" endtime="20231012 14:17:50.917"/>
</kw>
<kw name="Capture Element Screenshot" library="SeleniumLibrary">
<arg>xpath:/html/body/main/div[2]/div/div[2]/div[5]/div/div[1]/product-box</arg>
<doc>Captures a screenshot from the element identified by ``locator`` and embeds it into log file.</doc>
<msg timestamp="20231012 14:17:50.992" level="INFO" html="true">&lt;/td&gt;&lt;/tr&gt;&lt;tr&gt;&lt;td colspan="3"&gt;&lt;a href="selenium-element-screenshot-4.png"&gt;&lt;img src="selenium-element-screenshot-4.png" width="400px"&gt;&lt;/a&gt;</msg>
<status status="PASS" starttime="20231012 14:17:50.918" endtime="20231012 14:17:50.992"/>
</kw>
<kw name="Sleep" library="BuiltIn">
<arg>2s</arg>
<doc>Pauses the test executed for the given time.</doc>
<msg timestamp="20231012 14:17:52.994" level="INFO">Slept 2 seconds</msg>
<status status="PASS" starttime="20231012 14:17:50.992" endtime="20231012 14:17:52.994"/>
</kw>
<kw name="Click Element" library="SeleniumLibrary">
<arg>xpath://*[@class="product-box-name"]</arg>
<doc>Click the element identified by ``locator``.</doc>
<msg timestamp="20231012 14:17:52.994" level="INFO">Clicking element 'xpath://*[@class="product-box-name"]'.</msg>
<status status="PASS" starttime="20231012 14:17:52.994" endtime="20231012 14:17:53.553"/>
</kw>
<kw name="Page Should Contain" library="SeleniumLibrary">
<arg>${searchElement}</arg>
<doc>Verifies that current page contains ``text``.</doc>
<msg timestamp="20231012 14:17:53.583" level="INFO">Current page contains text 'PS5'.</msg>
<status status="PASS" starttime="20231012 14:17:53.554" endtime="20231012 14:17:53.584"/>
</kw>
<kw name="Sleep" library="BuiltIn">
<arg>2s</arg>
<doc>Pauses the test executed for the given time.</doc>
<msg timestamp="20231012 14:17:55.584" level="INFO">Slept 2 seconds</msg>
<status status="PASS" starttime="20231012 14:17:53.584" endtime="20231012 14:17:55.584"/>
</kw>
<kw name="Close Browser" library="SeleniumLibrary">
<doc>Closes the current browser.</doc>
<status status="PASS" starttime="20231012 14:17:55.585" endtime="20231012 14:17:57.695"/>
</kw>
<status status="PASS" starttime="20231012 14:17:40.467" endtime="20231012 14:17:57.697"/>
</test>
<test id="s1-t4" name="Find the button &quot;Lisää koriin&quot; from a product page and take a screenshot of the button's element" line="106">
<kw name="Open Browser" library="SeleniumLibrary">
<arg>https://www.jimms.fi/fi/Product/Show/187202/ls34bg850suxen/samsung-34-odyssey-oled-g8-kaareva-175hz-oc-wqhd-pelimonitori-tarjous-norm-1249-00</arg>
<arg>${browser}</arg>
<arg>options=add_experimental_option("detach", True)</arg>
<doc>Opens a new browser instance to the optional ``url``.</doc>
<msg timestamp="20231012 14:17:57.701" level="INFO">Opening browser 'Chrome' to base url 'https://www.jimms.fi/fi/Product/Show/187202/ls34bg850suxen/samsung-34-odyssey-oled-g8-kaareva-175hz-oc-wqhd-pelimonitori-tarjous-norm-1249-00'.</msg>
<status status="PASS" starttime="20231012 14:17:57.700" endtime="20231012 14:18:01.223"/>
</kw>
<kw name="Maximize Browser Window" library="SeleniumLibrary">
<doc>Maximizes current browser window.</doc>
<status status="PASS" starttime="20231012 14:18:01.224" endtime="20231012 14:18:01.379"/>
</kw>
<kw name="Sleep" library="BuiltIn">
<arg>1s</arg>
<doc>Pauses the test executed for the given time.</doc>
<msg timestamp="20231012 14:18:02.380" level="INFO">Slept 1 second</msg>
<status status="PASS" starttime="20231012 14:18:01.379" endtime="20231012 14:18:02.380"/>
</kw>
<kw name="Page Should Contain Link" library="SeleniumLibrary">
<arg>xpath:/html/body/main/div[1]/div[2]/div[1]/jim-product-cta-box/div/div[4]/div[2]/addto-cart-wrapper/div/a</arg>
<doc>Verifies link identified by ``locator`` is found from current page.</doc>
<msg timestamp="20231012 14:18:02.396" level="INFO">Current page contains link 'xpath:/html/body/main/div[1]/div[2]/div[1]/jim-product-cta-box/div/div[4]/div[2]/addto-cart-wrapper/div/a'.</msg>
<status status="PASS" starttime="20231012 14:18:02.381" endtime="20231012 14:18:02.396"/>
</kw>
<kw name="Sleep" library="BuiltIn">
<arg>2s</arg>
<doc>Pauses the test executed for the given time.</doc>
<msg timestamp="20231012 14:18:04.398" level="INFO">Slept 2 seconds</msg>
<status status="PASS" starttime="20231012 14:18:02.396" endtime="20231012 14:18:04.398"/>
</kw>
<kw name="Set Screenshot Directory" library="SeleniumLibrary">
<arg>${path}</arg>
<doc>Sets the directory for captured screenshots.</doc>
<status status="PASS" starttime="20231012 14:18:04.398" endtime="20231012 14:18:04.399"/>
</kw>
<kw name="Capture Element Screenshot" library="SeleniumLibrary">
<arg>xpath:/html/body/main/div[1]/div[2]/div[1]/jim-product-cta-box/div/div[4]/div[2]/addto-cart-wrapper/div/a/span</arg>
<doc>Captures a screenshot from the element identified by ``locator`` and embeds it into log file.</doc>
<msg timestamp="20231012 14:18:04.473" level="INFO" html="true">&lt;/td&gt;&lt;/tr&gt;&lt;tr&gt;&lt;td colspan="3"&gt;&lt;a href="selenium-element-screenshot-5.png"&gt;&lt;img src="selenium-element-screenshot-5.png" width="400px"&gt;&lt;/a&gt;</msg>
<status status="PASS" starttime="20231012 14:18:04.399" endtime="20231012 14:18:04.473"/>
</kw>
<kw name="Sleep" library="BuiltIn">
<arg>2s</arg>
<doc>Pauses the test executed for the given time.</doc>
<msg timestamp="20231012 14:18:06.475" level="INFO">Slept 2 seconds</msg>
<status status="PASS" starttime="20231012 14:18:04.474" endtime="20231012 14:18:06.475"/>
</kw>
<kw name="Close Browser" library="SeleniumLibrary">
<doc>Closes the current browser.</doc>
<status status="PASS" starttime="20231012 14:18:06.475" endtime="20231012 14:18:08.572"/>
</kw>
<status status="PASS" starttime="20231012 14:17:57.699" endtime="20231012 14:18:08.573"/>
</test>
<test id="s1-t5" name="Test If Possible to Add Items to Cart" line="123">
<kw name="Open Browser" library="SeleniumLibrary">
<arg>${website}</arg>
<arg>${browser}</arg>
<arg>options=add_experimental_option("detach", True)</arg>
<doc>Opens a new browser instance to the optional ``url``.</doc>
<msg timestamp="20231012 14:18:08.575" level="INFO">Opening browser 'Chrome' to base url 'http://jimms.fi'.</msg>
<status status="PASS" starttime="20231012 14:18:08.575" endtime="20231012 14:18:13.456"/>
</kw>
<kw name="Maximize Browser Window" library="SeleniumLibrary">
<doc>Maximizes current browser window.</doc>
<status status="PASS" starttime="20231012 14:18:13.457" endtime="20231012 14:18:13.724"/>
</kw>
<kw name="Sleep" library="BuiltIn">
<arg>1s</arg>
<doc>Pauses the test executed for the given time.</doc>
<msg timestamp="20231012 14:18:14.726" level="INFO">Slept 1 second</msg>
<status status="PASS" starttime="20231012 14:18:13.724" endtime="20231012 14:18:14.726"/>
</kw>
<kw name="Mouse Over" library="SeleniumLibrary">
<arg>xpath:/html/body/header/div/div[3]/jim-cart-dropdown/div</arg>
<doc>Simulates hovering the mouse over the element ``locator``.</doc>
<msg timestamp="20231012 14:18:14.727" level="INFO">Simulating Mouse Over on element 'xpath:/html/body/header/div/div[3]/jim-cart-dropdown/div'.</msg>
<status status="PASS" starttime="20231012 14:18:14.726" endtime="20231012 14:18:15.013"/>
</kw>
<kw name="Sleep" library="BuiltIn">
<arg>2s</arg>
<doc>Pauses the test executed for the given time.</doc>
<msg timestamp="20231012 14:18:17.015" level="INFO">Slept 2 seconds</msg>
<status status="PASS" starttime="20231012 14:18:15.014" endtime="20231012 14:18:17.015"/>
</kw>
<kw name="Mouse Out" library="SeleniumLibrary">
<arg>xpath:/html/body/header/div/div[3]/jim-cart-dropdown/div</arg>
<doc>Simulates moving the mouse away from the element ``locator``.</doc>
<msg timestamp="20231012 14:18:17.016" level="INFO">Simulating Mouse Out on element 'xpath:/html/body/header/div/div[3]/jim-cart-dropdown/div'.</msg>
<status status="PASS" starttime="20231012 14:18:17.016" endtime="20231012 14:18:17.577"/>
</kw>
<kw name="Sleep" library="BuiltIn">
<arg>1s</arg>
<doc>Pauses the test executed for the given time.</doc>
<msg timestamp="20231012 14:18:18.579" level="INFO">Slept 1 second</msg>
<status status="PASS" starttime="20231012 14:18:17.578" endtime="20231012 14:18:18.579"/>
</kw>
<kw name="Add to Cart">
<arg>xpath://*[@id="fp-suggestions-carousel1-slide02"]/div/product-box/div[2]/div[3]/addto-cart-wrapper/div/a</arg>
<kw name="Sleep" library="BuiltIn">
<arg>1s</arg>
<doc>Pauses the test executed for the given time.</doc>
<msg timestamp="20231012 14:18:19.581" level="INFO">Slept 1 second</msg>
<status status="PASS" starttime="20231012 14:18:18.580" endtime="20231012 14:18:19.581"/>
</kw>
<kw name="Run Keyword And Ignore Error" library="BuiltIn">
<arg>Scroll Element Into View</arg>
<arg>${cartAdd}</arg>
<doc>Runs the given keyword with the given arguments and ignores possible error.</doc>
<kw name="Scroll Element Into View" library="SeleniumLibrary">
<arg>${cartAdd}</arg>
<doc>Scrolls the element identified by ``locator`` into view.</doc>
<msg timestamp="20231012 14:18:20.113" level="INFO" html="true">&lt;/td&gt;&lt;/tr&gt;&lt;tr&gt;&lt;td colspan="3"&gt;&lt;a href="selenium-screenshot-5.png"&gt;&lt;img src="selenium-screenshot-5.png" width="800px"&gt;&lt;/a&gt;</msg>
<msg timestamp="20231012 14:18:20.113" level="FAIL">MoveTargetOutOfBoundsException: Message: move target out of bounds
  (Session info: chrome=117.0.5938.150)
Stacktrace:
	GetHandleVerifier [0x00007FF764327D32+55474]
	(No symbol) [0x00007FF7642977E2]
	(No symbol) [0x00007FF76414DF9D]
	(No symbol) [0x00007FF7641D0585]
	(No symbol) [0x00007FF7641AF15A]
	(No symbol) [0x00007FF7641C7EF2]
	(No symbol) [0x00007FF7641AEF33]
	(No symbol) [0x00007FF764183D41]
	(No symbol) [0x00007FF764184F84]
	GetHandleVerifier [0x00007FF76468B772+3609330]
	GetHandleVerifier [0x00007FF7646E1A90+3962384]
	GetHandleVerifier [0x00007FF7646D9F1F+3930783]
	GetHandleVerifier [0x00007FF7643C3CC6+694342]
	(No symbol) [0x00007FF7642A2238]
	(No symbol) [0x00007FF76429E4A4]
	(No symbol) [0x00007FF76429E5D2]
	(No symbol) [0x00007FF76428EE33]
	BaseThreadInitThunk [0x00007FFE73A2257D+29]
	RtlUserThreadStart [0x00007FFE750CAA68+40]
</msg>
<status status="FAIL" starttime="20231012 14:18:19.581" endtime="20231012 14:18:20.121"/>
</kw>
<status status="PASS" starttime="20231012 14:18:19.581" endtime="20231012 14:18:20.123"/>
</kw>
<kw name="Sleep" library="BuiltIn">
<arg>1s</arg>
<doc>Pauses the test executed for the given time.</doc>
<msg timestamp="20231012 14:18:21.124" level="INFO">Slept 1 second</msg>
<status status="PASS" starttime="20231012 14:18:20.123" endtime="20231012 14:18:21.124"/>
</kw>
<kw name="Click Element" library="SeleniumLibrary">
<arg>${cartAdd}</arg>
<doc>Click the element identified by ``locator``.</doc>
<msg timestamp="20231012 14:18:21.124" level="INFO">Clicking element 'xpath://*[@id="fp-suggestions-carousel1-slide02"]/div/product-box/div[2]/div[3]/addto-cart-wrapper/div/a'.</msg>
<status status="PASS" starttime="20231012 14:18:21.124" endtime="20231012 14:18:21.182"/>
</kw>
<status status="PASS" starttime="20231012 14:18:18.580" endtime="20231012 14:18:21.182"/>
</kw>
<kw name="Sleep" library="BuiltIn">
<arg>1s</arg>
<doc>Pauses the test executed for the given time.</doc>
<msg timestamp="20231012 14:18:22.183" level="INFO">Slept 1 second</msg>
<status status="PASS" starttime="20231012 14:18:21.183" endtime="20231012 14:18:22.184"/>
</kw>
<kw name="Add to Cart">
<arg>xpath://*[@id="fp-suggestions-carousel2-slide05"]/div/product-box/div[2]/div[3]/addto-cart-wrapper/div/a</arg>
<kw name="Sleep" library="BuiltIn">
<arg>1s</arg>
<doc>Pauses the test executed for the given time.</doc>
<msg timestamp="20231012 14:18:23.187" level="INFO">Slept 1 second</msg>
<status status="PASS" starttime="20231012 14:18:22.186" endtime="20231012 14:18:23.187"/>
</kw>
<kw name="Run Keyword And Ignore Error" library="BuiltIn">
<arg>Scroll Element Into View</arg>
<arg>${cartAdd}</arg>
<doc>Runs the given keyword with the given arguments and ignores possible error.</doc>
<kw name="Scroll Element Into View" library="SeleniumLibrary">
<arg>${cartAdd}</arg>
<doc>Scrolls the element identified by ``locator`` into view.</doc>
<msg timestamp="20231012 14:18:23.642" level="INFO" html="true">&lt;/td&gt;&lt;/tr&gt;&lt;tr&gt;&lt;td colspan="3"&gt;&lt;a href="selenium-screenshot-6.png"&gt;&lt;img src="selenium-screenshot-6.png" width="800px"&gt;&lt;/a&gt;</msg>
<msg timestamp="20231012 14:18:23.642" level="FAIL">MoveTargetOutOfBoundsException: Message: move target out of bounds
  (Session info: chrome=117.0.5938.150)
Stacktrace:
	GetHandleVerifier [0x00007FF764327D32+55474]
	(No symbol) [0x00007FF7642977E2]
	(No symbol) [0x00007FF76414DF9D]
	(No symbol) [0x00007FF7641D0585]
	(No symbol) [0x00007FF7641AF15A]
	(No symbol) [0x00007FF7641C7EF2]
	(No symbol) [0x00007FF7641AEF33]
	(No symbol) [0x00007FF764183D41]
	(No symbol) [0x00007FF764184F84]
	GetHandleVerifier [0x00007FF76468B772+3609330]
	GetHandleVerifier [0x00007FF7646E1A90+3962384]
	GetHandleVerifier [0x00007FF7646D9F1F+3930783]
	GetHandleVerifier [0x00007FF7643C3CC6+694342]
	(No symbol) [0x00007FF7642A2238]
	(No symbol) [0x00007FF76429E4A4]
	(No symbol) [0x00007FF76429E5D2]
	(No symbol) [0x00007FF76428EE33]
	BaseThreadInitThunk [0x00007FFE73A2257D+29]
	RtlUserThreadStart [0x00007FFE750CAA68+40]
</msg>
<status status="FAIL" starttime="20231012 14:18:23.187" endtime="20231012 14:18:23.644"/>
</kw>
<status status="PASS" starttime="20231012 14:18:23.187" endtime="20231012 14:18:23.644"/>
</kw>
<kw name="Sleep" library="BuiltIn">
<arg>1s</arg>
<doc>Pauses the test executed for the given time.</doc>
<msg timestamp="20231012 14:18:24.646" level="INFO">Slept 1 second</msg>
<status status="PASS" starttime="20231012 14:18:23.644" endtime="20231012 14:18:24.646"/>
</kw>
<kw name="Click Element" library="SeleniumLibrary">
<arg>${cartAdd}</arg>
<doc>Click the element identified by ``locator``.</doc>
<msg timestamp="20231012 14:18:24.647" level="INFO">Clicking element 'xpath://*[@id="fp-suggestions-carousel2-slide05"]/div/product-box/div[2]/div[3]/addto-cart-wrapper/div/a'.</msg>
<status status="PASS" starttime="20231012 14:18:24.647" endtime="20231012 14:18:24.688"/>
</kw>
<status status="PASS" starttime="20231012 14:18:22.186" endtime="20231012 14:18:24.688"/>
</kw>
<kw name="Sleep" library="BuiltIn">
<arg>1s</arg>
<doc>Pauses the test executed for the given time.</doc>
<msg timestamp="20231012 14:18:25.690" level="INFO">Slept 1 second</msg>
<status status="PASS" starttime="20231012 14:18:24.689" endtime="20231012 14:18:25.690"/>
</kw>
<kw name="Add to Cart">
<arg>xpath://*[@id="fp-suggestions-carousel2-slide03"]/div/product-box/div[2]/div[3]/addto-cart-wrapper/div/a</arg>
<kw name="Sleep" library="BuiltIn">
<arg>1s</arg>
<doc>Pauses the test executed for the given time.</doc>
<msg timestamp="20231012 14:18:26.691" level="INFO">Slept 1 second</msg>
<status status="PASS" starttime="20231012 14:18:25.691" endtime="20231012 14:18:26.691"/>
</kw>
<kw name="Run Keyword And Ignore Error" library="BuiltIn">
<arg>Scroll Element Into View</arg>
<arg>${cartAdd}</arg>
<doc>Runs the given keyword with the given arguments and ignores possible error.</doc>
<kw name="Scroll Element Into View" library="SeleniumLibrary">
<arg>${cartAdd}</arg>
<doc>Scrolls the element identified by ``locator`` into view.</doc>
<status status="PASS" starttime="20231012 14:18:26.691" endtime="20231012 14:18:26.978"/>
</kw>
<status status="PASS" starttime="20231012 14:18:26.691" endtime="20231012 14:18:26.978"/>
</kw>
<kw name="Sleep" library="BuiltIn">
<arg>1s</arg>
<doc>Pauses the test executed for the given time.</doc>
<msg timestamp="20231012 14:18:27.979" level="INFO">Slept 1 second</msg>
<status status="PASS" starttime="20231012 14:18:26.978" endtime="20231012 14:18:27.979"/>
</kw>
<kw name="Click Element" library="SeleniumLibrary">
<arg>${cartAdd}</arg>
<doc>Click the element identified by ``locator``.</doc>
<msg timestamp="20231012 14:18:27.980" level="INFO">Clicking element 'xpath://*[@id="fp-suggestions-carousel2-slide03"]/div/product-box/div[2]/div[3]/addto-cart-wrapper/div/a'.</msg>
<status status="PASS" starttime="20231012 14:18:27.980" endtime="20231012 14:18:28.010"/>
</kw>
<status status="PASS" starttime="20231012 14:18:25.691" endtime="20231012 14:18:28.010"/>
</kw>
<kw name="Sleep" library="BuiltIn">
<arg>1s</arg>
<doc>Pauses the test executed for the given time.</doc>
<msg timestamp="20231012 14:18:29.011" level="INFO">Slept 1 second</msg>
<status status="PASS" starttime="20231012 14:18:28.011" endtime="20231012 14:18:29.011"/>
</kw>
<kw name="Add to Cart">
<arg>xpath://*[@id="jim-main"]/div[7]/div/div/div[2]/div/div[1]/product-box/div[2]/div[3]/addto-cart-wrapper/div/a</arg>
<kw name="Sleep" library="BuiltIn">
<arg>1s</arg>
<doc>Pauses the test executed for the given time.</doc>
<msg timestamp="20231012 14:18:30.012" level="INFO">Slept 1 second</msg>
<status status="PASS" starttime="20231012 14:18:29.012" endtime="20231012 14:18:30.013"/>
</kw>
<kw name="Run Keyword And Ignore Error" library="BuiltIn">
<arg>Scroll Element Into View</arg>
<arg>${cartAdd}</arg>
<doc>Runs the given keyword with the given arguments and ignores possible error.</doc>
<kw name="Scroll Element Into View" library="SeleniumLibrary">
<arg>${cartAdd}</arg>
<doc>Scrolls the element identified by ``locator`` into view.</doc>
<msg timestamp="20231012 14:18:30.269" level="INFO" html="true">&lt;/td&gt;&lt;/tr&gt;&lt;tr&gt;&lt;td colspan="3"&gt;&lt;a href="selenium-screenshot-7.png"&gt;&lt;img src="selenium-screenshot-7.png" width="800px"&gt;&lt;/a&gt;</msg>
<msg timestamp="20231012 14:18:30.270" level="FAIL">MoveTargetOutOfBoundsException: Message: move target out of bounds
  (Session info: chrome=117.0.5938.150)
Stacktrace:
	GetHandleVerifier [0x00007FF764327D32+55474]
	(No symbol) [0x00007FF7642977E2]
	(No symbol) [0x00007FF76414DF9D]
	(No symbol) [0x00007FF7641D0585]
	(No symbol) [0x00007FF7641AF15A]
	(No symbol) [0x00007FF7641C7EF2]
	(No symbol) [0x00007FF7641AEF33]
	(No symbol) [0x00007FF764183D41]
	(No symbol) [0x00007FF764184F84]
	GetHandleVerifier [0x00007FF76468B772+3609330]
	GetHandleVerifier [0x00007FF7646E1A90+3962384]
	GetHandleVerifier [0x00007FF7646D9F1F+3930783]
	GetHandleVerifier [0x00007FF7643C3CC6+694342]
	(No symbol) [0x00007FF7642A2238]
	(No symbol) [0x00007FF76429E4A4]
	(No symbol) [0x00007FF76429E5D2]
	(No symbol) [0x00007FF76428EE33]
	BaseThreadInitThunk [0x00007FFE73A2257D+29]
	RtlUserThreadStart [0x00007FFE750CAA68+40]
</msg>
<status status="FAIL" starttime="20231012 14:18:30.014" endtime="20231012 14:18:30.270"/>
</kw>
<status status="PASS" starttime="20231012 14:18:30.013" endtime="20231012 14:18:30.270"/>
</kw>
<kw name="Sleep" library="BuiltIn">
<arg>1s</arg>
<doc>Pauses the test executed for the given time.</doc>
<msg timestamp="20231012 14:18:31.271" level="INFO">Slept 1 second</msg>
<status status="PASS" starttime="20231012 14:18:30.271" endtime="20231012 14:18:31.271"/>
</kw>
<kw name="Click Element" library="SeleniumLibrary">
<arg>${cartAdd}</arg>
<doc>Click the element identified by ``locator``.</doc>
<msg timestamp="20231012 14:18:31.272" level="INFO">Clicking element 'xpath://*[@id="jim-main"]/div[7]/div/div/div[2]/div/div[1]/product-box/div[2]/div[3]/addto-cart-wrapper/div/a'.</msg>
<status status="PASS" starttime="20231012 14:18:31.271" endtime="20231012 14:18:31.315"/>
</kw>
<status status="PASS" starttime="20231012 14:18:29.012" endtime="20231012 14:18:31.315"/>
</kw>
<kw name="Sleep" library="BuiltIn">
<arg>1s</arg>
<doc>Pauses the test executed for the given time.</doc>
<msg timestamp="20231012 14:18:32.316" level="INFO">Slept 1 second</msg>
<status status="PASS" starttime="20231012 14:18:31.316" endtime="20231012 14:18:32.316"/>
</kw>
<kw name="Add to Cart">
<arg>xpath://*[@id="jim-main"]/div[8]/div/div/div[2]/div/div[2]/product-box/div[2]/div[3]/addto-cart-wrapper/div/a</arg>
<kw name="Sleep" library="BuiltIn">
<arg>1s</arg>
<doc>Pauses the test executed for the given time.</doc>
<msg timestamp="20231012 14:18:33.319" level="INFO">Slept 1 second</msg>
<status status="PASS" starttime="20231012 14:18:32.318" endtime="20231012 14:18:33.319"/>
</kw>
<kw name="Run Keyword And Ignore Error" library="BuiltIn">
<arg>Scroll Element Into View</arg>
<arg>${cartAdd}</arg>
<doc>Runs the given keyword with the given arguments and ignores possible error.</doc>
<kw name="Scroll Element Into View" library="SeleniumLibrary">
<arg>${cartAdd}</arg>
<doc>Scrolls the element identified by ``locator`` into view.</doc>
<msg timestamp="20231012 14:18:33.748" level="INFO" html="true">&lt;/td&gt;&lt;/tr&gt;&lt;tr&gt;&lt;td colspan="3"&gt;&lt;a href="selenium-screenshot-8.png"&gt;&lt;img src="selenium-screenshot-8.png" width="800px"&gt;&lt;/a&gt;</msg>
<msg timestamp="20231012 14:18:33.748" level="FAIL">MoveTargetOutOfBoundsException: Message: move target out of bounds
  (Session info: chrome=117.0.5938.150)
Stacktrace:
	GetHandleVerifier [0x00007FF764327D32+55474]
	(No symbol) [0x00007FF7642977E2]
	(No symbol) [0x00007FF76414DF9D]
	(No symbol) [0x00007FF7641D0585]
	(No symbol) [0x00007FF7641AF15A]
	(No symbol) [0x00007FF7641C7EF2]
	(No symbol) [0x00007FF7641AEF33]
	(No symbol) [0x00007FF764183D41]
	(No symbol) [0x00007FF764184F84]
	GetHandleVerifier [0x00007FF76468B772+3609330]
	GetHandleVerifier [0x00007FF7646E1A90+3962384]
	GetHandleVerifier [0x00007FF7646D9F1F+3930783]
	GetHandleVerifier [0x00007FF7643C3CC6+694342]
	(No symbol) [0x00007FF7642A2238]
	(No symbol) [0x00007FF76429E4A4]
	(No symbol) [0x00007FF76429E5D2]
	(No symbol) [0x00007FF76428EE33]
	BaseThreadInitThunk [0x00007FFE73A2257D+29]
	RtlUserThreadStart [0x00007FFE750CAA68+40]
</msg>
<status status="FAIL" starttime="20231012 14:18:33.319" endtime="20231012 14:18:33.749"/>
</kw>
<status status="PASS" starttime="20231012 14:18:33.319" endtime="20231012 14:18:33.749"/>
</kw>
<kw name="Sleep" library="BuiltIn">
<arg>1s</arg>
<doc>Pauses the test executed for the given time.</doc>
<msg timestamp="20231012 14:18:34.750" level="INFO">Slept 1 second</msg>
<status status="PASS" starttime="20231012 14:18:33.750" endtime="20231012 14:18:34.750"/>
</kw>
<kw name="Click Element" library="SeleniumLibrary">
<arg>${cartAdd}</arg>
<doc>Click the element identified by ``locator``.</doc>
<msg timestamp="20231012 14:18:34.751" level="INFO">Clicking element 'xpath://*[@id="jim-main"]/div[8]/div/div/div[2]/div/div[2]/product-box/div[2]/div[3]/addto-cart-wrapper/div/a'.</msg>
<status status="PASS" starttime="20231012 14:18:34.750" endtime="20231012 14:18:34.792"/>
</kw>
<status status="PASS" starttime="20231012 14:18:32.317" endtime="20231012 14:18:34.793"/>
</kw>
<kw name="Sleep" library="BuiltIn">
<arg>1s</arg>
<doc>Pauses the test executed for the given time.</doc>
<msg timestamp="20231012 14:18:35.794" level="INFO">Slept 1 second</msg>
<status status="PASS" starttime="20231012 14:18:34.793" endtime="20231012 14:18:35.794"/>
</kw>
<kw name="Mouse Over" library="SeleniumLibrary">
<arg>xpath:/html/body/header/div/div[3]/jim-cart-dropdown/div</arg>
<doc>Simulates hovering the mouse over the element ``locator``.</doc>
<msg timestamp="20231012 14:18:35.795" level="INFO">Simulating Mouse Over on element 'xpath:/html/body/header/div/div[3]/jim-cart-dropdown/div'.</msg>
<status status="PASS" starttime="20231012 14:18:35.795" endtime="20231012 14:18:36.067"/>
</kw>
<kw name="Sleep" library="BuiltIn">
<arg>3s</arg>
<doc>Pauses the test executed for the given time.</doc>
<msg timestamp="20231012 14:18:39.069" level="INFO">Slept 3 seconds</msg>
<status status="PASS" starttime="20231012 14:18:36.068" endtime="20231012 14:18:39.069"/>
</kw>
<kw name="Close Browser" library="SeleniumLibrary">
<doc>Closes the current browser.</doc>
<status status="PASS" starttime="20231012 14:18:39.069" endtime="20231012 14:18:41.174"/>
</kw>
<status status="PASS" starttime="20231012 14:18:08.574" endtime="20231012 14:18:41.175"/>
</test>
<test id="s1-t6" name="Search &quot;Odyssey OLED G8&quot; and add it into the shopping cart" line="156">
<kw name="Open Browser" library="SeleniumLibrary">
<arg>${website}</arg>
<arg>${browser}</arg>
<arg>options=add_experimental_option("detach", True)</arg>
<doc>Opens a new browser instance to the optional ``url``.</doc>
<msg timestamp="20231012 14:18:41.178" level="INFO">Opening browser 'Chrome' to base url 'http://jimms.fi'.</msg>
<status status="PASS" starttime="20231012 14:18:41.177" endtime="20231012 14:18:45.330"/>
</kw>
<kw name="Maximize Browser Window" library="SeleniumLibrary">
<doc>Maximizes current browser window.</doc>
<status status="PASS" starttime="20231012 14:18:45.331" endtime="20231012 14:18:45.605"/>
</kw>
<kw name="Sleep" library="BuiltIn">
<arg>1s</arg>
<doc>Pauses the test executed for the given time.</doc>
<msg timestamp="20231012 14:18:46.606" level="INFO">Slept 1 second</msg>
<status status="PASS" starttime="20231012 14:18:45.605" endtime="20231012 14:18:46.606"/>
</kw>
<kw name="Click Element" library="SeleniumLibrary">
<arg>name:q</arg>
<doc>Click the element identified by ``locator``.</doc>
<msg timestamp="20231012 14:18:46.607" level="INFO">Clicking element 'name:q'.</msg>
<status status="PASS" starttime="20231012 14:18:46.607" endtime="20231012 14:18:46.666"/>
</kw>
<kw name="Input Text" library="SeleniumLibrary">
<arg>name:q</arg>
<arg>Odyssey OLED G8</arg>
<doc>Types the given ``text`` into the text field identified by ``locator``.</doc>
<msg timestamp="20231012 14:18:46.667" level="INFO">Typing text 'Odyssey OLED G8' into text field 'name:q'.</msg>
<status status="PASS" starttime="20231012 14:18:46.666" endtime="20231012 14:18:46.726"/>
</kw>
<kw name="Sleep" library="BuiltIn">
<arg>1s</arg>
<doc>Pauses the test executed for the given time.</doc>
<msg timestamp="20231012 14:18:47.727" level="INFO">Slept 1 second</msg>
<status status="PASS" starttime="20231012 14:18:46.726" endtime="20231012 14:18:47.727"/>
</kw>
<kw name="Press Keys" library="SeleniumLibrary">
<arg>name:q</arg>
<arg>ENTER</arg>
<doc>Simulates the user pressing key(s) to an element or on the active browser.</doc>
<msg timestamp="20231012 14:18:47.727" level="INFO">Sending key(s) ('ENTER',) to name:q element.</msg>
<msg timestamp="20231012 14:18:48.018" level="INFO">Pressing special key ENTER to element.</msg>
<msg timestamp="20231012 14:18:48.018" level="INFO">Releasing special key ENTER.</msg>
<status status="PASS" starttime="20231012 14:18:47.727" endtime="20231012 14:18:48.141"/>
</kw>
<kw name="Sleep" library="BuiltIn">
<arg>1s</arg>
<doc>Pauses the test executed for the given time.</doc>
<msg timestamp="20231012 14:18:49.142" level="INFO">Slept 1 second</msg>
<status status="PASS" starttime="20231012 14:18:48.141" endtime="20231012 14:18:49.142"/>
</kw>
<kw name="Element Should Be Visible" library="SeleniumLibrary">
<arg>xpath:/html/body/main/div[2]/div/div[2]/div[5]/div/div/product-box/div[2]/div[3]/addto-cart-wrapper/div/a</arg>
<doc>Verifies that the element identified by ``locator`` is visible.</doc>
<msg timestamp="20231012 14:18:49.184" level="INFO">Element 'xpath:/html/body/main/div[2]/div/div[2]/div[5]/div/div/product-box/div[2]/div[3]/addto-cart-wrapper/div/a' is displayed.</msg>
<status status="PASS" starttime="20231012 14:18:49.143" endtime="20231012 14:18:49.184"/>
</kw>
<kw name="Add to Cart">
<arg>xpath:/html/body/main/div[2]/div/div[2]/div[5]/div/div/product-box/div[2]/div[3]/addto-cart-wrapper/div/a</arg>
<kw name="Sleep" library="BuiltIn">
<arg>1s</arg>
<doc>Pauses the test executed for the given time.</doc>
<msg timestamp="20231012 14:18:50.185" level="INFO">Slept 1 second</msg>
<status status="PASS" starttime="20231012 14:18:49.185" endtime="20231012 14:18:50.185"/>
</kw>
<kw name="Run Keyword And Ignore Error" library="BuiltIn">
<arg>Scroll Element Into View</arg>
<arg>${cartAdd}</arg>
<doc>Runs the given keyword with the given arguments and ignores possible error.</doc>
<kw name="Scroll Element Into View" library="SeleniumLibrary">
<arg>${cartAdd}</arg>
<doc>Scrolls the element identified by ``locator`` into view.</doc>
<status status="PASS" starttime="20231012 14:18:50.185" endtime="20231012 14:18:50.459"/>
</kw>
<status status="PASS" starttime="20231012 14:18:50.185" endtime="20231012 14:18:50.460"/>
</kw>
<kw name="Sleep" library="BuiltIn">
<arg>1s</arg>
<doc>Pauses the test executed for the given time.</doc>
<msg timestamp="20231012 14:18:51.461" level="INFO">Slept 1 second</msg>
<status status="PASS" starttime="20231012 14:18:50.460" endtime="20231012 14:18:51.462"/>
</kw>
<kw name="Click Element" library="SeleniumLibrary">
<arg>${cartAdd}</arg>
<doc>Click the element identified by ``locator``.</doc>
<msg timestamp="20231012 14:18:51.464" level="INFO">Clicking element 'xpath:/html/body/main/div[2]/div/div[2]/div[5]/div/div/product-box/div[2]/div[3]/addto-cart-wrapper/div/a'.</msg>
<status status="PASS" starttime="20231012 14:18:51.462" endtime="20231012 14:18:51.503"/>
</kw>
<status status="PASS" starttime="20231012 14:18:49.185" endtime="20231012 14:18:51.503"/>
</kw>
<kw name="Sleep" library="BuiltIn">
<arg>2s</arg>
<doc>Pauses the test executed for the given time.</doc>
<msg timestamp="20231012 14:18:53.504" level="INFO">Slept 2 seconds</msg>
<status status="PASS" starttime="20231012 14:18:51.503" endtime="20231012 14:18:53.504"/>
</kw>
<status status="PASS" starttime="20231012 14:18:41.175" endtime="20231012 14:18:53.505"/>
</test>
<test id="s1-t7" name="Check if the product is in the shopping cart and make a screenshot of the cart icon" line="175">
<kw name="Capture Element Screenshot" library="SeleniumLibrary">
<arg>xpath://*[@id="headercartcontainer"]/a</arg>
<doc>Captures a screenshot from the element identified by ``locator`` and embeds it into log file.</doc>
<msg timestamp="20231012 14:18:53.573" level="INFO" html="true">&lt;/td&gt;&lt;/tr&gt;&lt;tr&gt;&lt;td colspan="3"&gt;&lt;a href="selenium-element-screenshot-6.png"&gt;&lt;img src="selenium-element-screenshot-6.png" width="400px"&gt;&lt;/a&gt;</msg>
<status status="PASS" starttime="20231012 14:18:53.507" endtime="20231012 14:18:53.573"/>
</kw>
<kw name="Sleep" library="BuiltIn">
<arg>1s</arg>
<doc>Pauses the test executed for the given time.</doc>
<msg timestamp="20231012 14:18:54.575" level="INFO">Slept 1 second</msg>
<status status="PASS" starttime="20231012 14:18:53.574" endtime="20231012 14:18:54.575"/>
</kw>
<kw name="Click Element" library="SeleniumLibrary">
<arg>xpath://*[@id="headercartcontainer"]/a</arg>
<doc>Click the element identified by ``locator``.</doc>
<msg timestamp="20231012 14:18:54.578" level="INFO">Clicking element 'xpath://*[@id="headercartcontainer"]/a'.</msg>
<status status="PASS" starttime="20231012 14:18:54.577" endtime="20231012 14:18:55.113"/>
</kw>
<kw name="Page Should Contain" library="SeleniumLibrary">
<arg>Ostoskori</arg>
<doc>Verifies that current page contains ``text``.</doc>
<msg timestamp="20231012 14:18:55.128" level="INFO">Current page contains text 'Ostoskori'.</msg>
<status status="PASS" starttime="20231012 14:18:55.114" endtime="20231012 14:18:55.128"/>
</kw>
<kw name="Element Should Be Visible" library="SeleniumLibrary">
<arg>xpath://*[@id="jim-main"]/div/div/div/div[1]/article/div[1]/div[2]/div/div[1]/div/a/span</arg>
<doc>Verifies that the element identified by ``locator`` is visible.</doc>
<msg timestamp="20231012 14:18:55.144" level="INFO">Element 'xpath://*[@id="jim-main"]/div/div/div/div[1]/article/div[1]/div[2]/div/div[1]/div/a/span' is displayed.</msg>
<status status="PASS" starttime="20231012 14:18:55.129" endtime="20231012 14:18:55.144"/>
</kw>
<kw name="Get Text" library="SeleniumLibrary">
<var>${total}</var>
<arg>xpath://*[@id="jim-main"]/div/div/div/div[2]/div/div[1]/ul/li[5]/span</arg>
<doc>Returns the text value of the element identified by ``locator``.</doc>
<msg timestamp="20231012 14:18:55.165" level="INFO">${total} = 1 249,00 €</msg>
<status status="PASS" starttime="20231012 14:18:55.145" endtime="20231012 14:18:55.165"/>
</kw>
<kw name="Remove String" library="String">
<var>${total}</var>
<arg>${total}</arg>
<arg>€</arg>
<doc>Removes all ``removables`` from the given ``string``.</doc>
<msg timestamp="20231012 14:18:55.166" level="INFO">${total} = 1 249,00 </msg>
<status status="PASS" starttime="20231012 14:18:55.165" endtime="20231012 14:18:55.166"/>
</kw>
<kw name="Set Variable" library="BuiltIn">
<var>${total}</var>
<arg>${total.replace(" ", "").replace(",", "")}</arg>
<doc>Returns the given values which can then be assigned to a variables.</doc>
<msg timestamp="20231012 14:18:55.166" level="INFO">${total} = 124900</msg>
<status status="PASS" starttime="20231012 14:18:55.166" endtime="20231012 14:18:55.167"/>
</kw>
<kw name="Convert To Integer" library="BuiltIn">
<var>${total}</var>
<arg>${total}</arg>
<doc>Converts the given item to an integer number.</doc>
<msg timestamp="20231012 14:18:55.167" level="INFO">${total} = 124900</msg>
<status status="PASS" starttime="20231012 14:18:55.167" endtime="20231012 14:18:55.167"/>
</kw>
<kw name="Should Be True" library="BuiltIn">
<arg>${total} &gt; 0</arg>
<doc>Fails if the given condition is not true.</doc>
<status status="PASS" starttime="20231012 14:18:55.168" endtime="20231012 14:18:55.168"/>
</kw>
<kw name="Sleep" library="BuiltIn">
<arg>2s</arg>
<doc>Pauses the test executed for the given time.</doc>
<msg timestamp="20231012 14:18:57.169" level="INFO">Slept 2 seconds</msg>
<status status="PASS" starttime="20231012 14:18:55.168" endtime="20231012 14:18:57.170"/>
</kw>
<status status="PASS" starttime="20231012 14:18:53.507" endtime="20231012 14:18:57.172"/>
</test>
<test id="s1-t8" name="Click &quot;SIIRRY KASSALLE&quot;, fill out the form and click &quot;SEURAAVA&gt;&gt;&quot;" line="208">
<kw name="Click Element" library="SeleniumLibrary">
<arg>xpath:/html/body/main/div/div/div/div[2]/div/div[3]/a</arg>
<doc>Click the element identified by ``locator``.</doc>
<msg timestamp="20231012 14:18:57.177" level="INFO">Clicking element 'xpath:/html/body/main/div/div/div/div[2]/div/div[3]/a'.</msg>
<status status="PASS" starttime="20231012 14:18:57.176" endtime="20231012 14:18:57.785"/>
</kw>
<kw name="Click Element" library="SeleniumLibrary">
<arg>xpath://*[@id="anonymous-tab-input"]</arg>
<doc>Click the element identified by ``locator``.</doc>
<msg timestamp="20231012 14:18:57.785" level="INFO">Clicking element 'xpath://*[@id="anonymous-tab-input"]'.</msg>
<status status="PASS" starttime="20231012 14:18:57.785" endtime="20231012 14:18:57.825"/>
</kw>
<kw name="Sleep" library="BuiltIn">
<arg>1s</arg>
<doc>Pauses the test executed for the given time.</doc>
<msg timestamp="20231012 14:18:58.827" level="INFO">Slept 1 second</msg>
<status status="PASS" starttime="20231012 14:18:57.826" endtime="20231012 14:18:58.827"/>
</kw>
<kw name="Click Element" library="SeleniumLibrary">
<arg>xpath:/html/body/main/div/div/div/div[2]/div[4]/div/div/form/input[3]</arg>
<doc>Click the element identified by ``locator``.</doc>
<msg timestamp="20231012 14:18:58.829" level="INFO">Clicking element 'xpath:/html/body/main/div/div/div/div[2]/div[4]/div/div/form/input[3]'.</msg>
[...]
<msg timestamp="20231012 14:19:06.205" level="INFO">Typing text 'malong.dig1987@gmail.com' into text field 'name:EmailAddress'.</msg>
<status status="PASS" starttime="20231012 14:19:06.204" endtime="20231012 14:19:06.297"/>
</kw>
<kw name="Sleep" library="BuiltIn">
<arg>1s</arg>
<doc>Pauses the test executed for the given time.</doc>
<msg timestamp="20231012 14:19:07.299" level="INFO">Slept 1 second</msg>
<status status="PASS" starttime="20231012 14:19:06.298" endtime="20231012 14:19:07.300"/>
</kw>
<kw name="Click Element" library="SeleniumLibrary">
<arg>name:Phone</arg>
<doc>Click the element identified by ``locator``.</doc>
<msg timestamp="20231012 14:19:07.301" level="INFO">Clicking element 'name:Phone'.</msg>
<status status="PASS" starttime="20231012 14:19:07.301" endtime="20231012 14:19:07.341"/>
</kw>
<kw name="Input Text" library="SeleniumLibrary">
<arg>name:Phone</arg>
<arg>${Phone}</arg>
<doc>Types the given ``text`` into the text field identified by ``locator``.</doc>
<msg timestamp="20231012 14:19:07.343" level="INFO">Typing text '+358 4573987264' into text field 'name:Phone'.</msg>
<status status="PASS" starttime="20231012 14:19:07.342" endtime="20231012 14:19:07.407"/>
</kw>
<kw name="Sleep" library="BuiltIn">
<arg>1s</arg>
<doc>Pauses the test executed for the given time.</doc>
<msg timestamp="20231012 14:19:08.408" level="INFO">Slept 1 second</msg>
<status status="PASS" starttime="20231012 14:19:07.408" endtime="20231012 14:19:08.408"/>
</kw>
<kw name="Select Checkbox" library="SeleniumLibrary">
<arg>xpath://*[@id="GDPR"]</arg>
<doc>Selects the checkbox identified by ``locator``.</doc>
<msg timestamp="20231012 14:19:08.409" level="INFO">Selecting checkbox 'xpath://*[@id="GDPR"]'.</msg>
<status status="PASS" starttime="20231012 14:19:08.409" endtime="20231012 14:19:08.468"/>
</kw>
<kw name="Execute Javascript" library="SeleniumLibrary">
<arg>window.scrollTo(0, 400)</arg>
<doc>Executes the given JavaScript code with possible arguments.</doc>
<msg timestamp="20231012 14:19:08.469" level="INFO">Executing JavaScript:
window.scrollTo(0, 400)
Without any arguments.</msg>
<status status="PASS" starttime="20231012 14:19:08.468" endtime="20231012 14:19:08.476"/>
</kw>
<kw name="Wait Until Element Is Visible" library="SeleniumLibrary">
<arg>xpath:/html/body/main/div/div[2]/div/div[1]/form/div/input</arg>
<doc>Waits until the element ``locator`` is visible.</doc>
<status status="PASS" starttime="20231012 14:19:08.476" endtime="20231012 14:19:08.491"/>
</kw>
<kw name="Sleep" library="BuiltIn">
<arg>1s</arg>
<doc>Pauses the test executed for the given time.</doc>
<msg timestamp="20231012 14:19:09.492" level="INFO">Slept 1 second</msg>
<status status="PASS" starttime="20231012 14:19:08.491" endtime="20231012 14:19:09.493"/>
</kw>
<kw name="Double Click Element" library="SeleniumLibrary">
<arg>xpath:/html/body/main/div/div[2]/div/div[1]/form/div/input</arg>
<doc>Double clicks the element identified by ``locator``.</doc>
<msg timestamp="20231012 14:19:09.496" level="INFO">Double clicking element 'xpath:/html/body/main/div/div[2]/div/div[1]/form/div/input'.</msg>
<status status="PASS" starttime="20231012 14:19:09.494" endtime="20231012 14:19:10.378"/>
</kw>
<kw name="Sleep" library="BuiltIn">
<arg>2s</arg>
<doc>Pauses the test executed for the given time.</doc>
<msg timestamp="20231012 14:19:12.380" level="INFO">Slept 2 seconds</msg>
<status status="PASS" starttime="20231012 14:19:10.378" endtime="20231012 14:19:12.380"/>
</kw>
<status status="PASS" starttime="20231012 14:18:57.175" endtime="20231012 14:19:12.381"/>
</test>
<test id="s1-t9" name="Choose &quot;Nouto Turku&quot; from the list and click &quot;SEURAAVA&gt;&gt;&quot;" line="252">
<kw name="Wait Until Page Contains" library="SeleniumLibrary">
<arg>Nouto Turku</arg>
<doc>Waits until ``text`` appears on the current page.</doc>
<status status="PASS" starttime="20231012 14:19:12.382" endtime="20231012 14:19:12.398"/>
</kw>
<kw name="Page Should Contain" library="SeleniumLibrary">
<arg>Nouto Turku</arg>
<doc>Verifies that current page contains ``text``.</doc>
<msg timestamp="20231012 14:19:12.412" level="INFO">Current page contains text 'Nouto Turku'.</msg>
<status status="PASS" starttime="20231012 14:19:12.398" endtime="20231012 14:19:12.413"/>
</kw>
<kw name="Execute Javascript" library="SeleniumLibrary">
<arg>window.scrollTo(0, 400)</arg>
<doc>Executes the given JavaScript code with possible arguments.</doc>
<msg timestamp="20231012 14:19:12.414" level="INFO">Executing JavaScript:
window.scrollTo(0, 400)
Without any arguments.</msg>
<status status="PASS" starttime="20231012 14:19:12.413" endtime="20231012 14:19:12.419"/>
</kw>
<kw name="Sleep" library="BuiltIn">
<arg>1s</arg>
<doc>Pauses the test executed for the given time.</doc>
<msg timestamp="20231012 14:19:13.421" level="INFO">Slept 1 second</msg>
<status status="PASS" starttime="20231012 14:19:12.420" endtime="20231012 14:19:13.421"/>
</kw>
<kw name="Select Radio Button" library="SeleniumLibrary">
<arg>DeliveryMethodID</arg>
<arg>JTU2</arg>
<doc>Sets the radio button group ``group_name`` to ``value``.</doc>
<msg timestamp="20231012 14:19:13.422" level="INFO">Selecting 'JTU2' from radio button 'DeliveryMethodID'.</msg>
<status status="PASS" starttime="20231012 14:19:13.422" endtime="20231012 14:19:13.465"/>
</kw>
<kw name="Click Element" library="SeleniumLibrary">
<arg>xpath:/html/body/main/div/div[2]/div/div[1]/div/div/div[1]/div/form/ul/li[6]/div/input</arg>
<doc>Click the element identified by ``locator``.</doc>
<msg timestamp="20231012 14:19:13.466" level="INFO">Clicking element 'xpath:/html/body/main/div/div[2]/div/div[1]/div/div/div[1]/div/form/ul/li[6]/div/input'.</msg>
<status status="PASS" starttime="20231012 14:19:13.465" endtime="20231012 14:19:13.501"/>
</kw>
<kw name="Sleep" library="BuiltIn">
<arg>1s</arg>
<doc>Pauses the test executed for the given time.</doc>
<msg timestamp="20231012 14:19:14.503" level="INFO">Slept 1 second</msg>
<status status="PASS" starttime="20231012 14:19:13.501" endtime="20231012 14:19:14.503"/>
</kw>
<kw name="Double Click Element" library="SeleniumLibrary">
<arg>xpath:/html/body/main/div/div[2]/div/div[1]/div/div/div[1]/div/form/input[2]</arg>
<doc>Double clicks the element identified by ``locator``.</doc>
<msg timestamp="20231012 14:19:14.504" level="INFO">Double clicking element 'xpath:/html/body/main/div/div[2]/div/div[1]/div/div/div[1]/div/form/input[2]'.</msg>
<status status="PASS" starttime="20231012 14:19:14.504" endtime="20231012 14:19:15.436"/>
</kw>
<kw name="Sleep" library="BuiltIn">
<arg>2s</arg>
<doc>Pauses the test executed for the given time.</doc>
<msg timestamp="20231012 14:19:17.437" level="INFO">Slept 2 seconds</msg>
<status status="PASS" starttime="20231012 14:19:15.437" endtime="20231012 14:19:17.437"/>
</kw>
<status status="PASS" starttime="20231012 14:19:12.382" endtime="20231012 14:19:17.437"/>
</test>
<test id="s1-t10" name="Choose &quot;Ennakkomaksu&quot; and click &quot;SEURAAVA&gt;&gt;&quot;, also verify the information filled out in the form are correct" line="269">
<kw name="Click Element" library="SeleniumLibrary">
<arg>xpath:/html/body/main/div/div[2]/div/div[1]/div/div/div[2]/div/form/ul/li[3]/div/label/div[2]</arg>
<doc>Click the element identified by ``locator``.</doc>
<msg timestamp="20231012 14:19:17.440" level="INFO">Clicking element 'xpath:/html/body/main/div/div[2]/div/div[1]/div/div/div[2]/div/form/ul/li[3]/div/label/div[2]'.</msg>
<status status="PASS" starttime="20231012 14:19:17.439" endtime="20231012 14:19:17.502"/>
</kw>
<kw name="Sleep" library="BuiltIn">
<arg>1s</arg>
<doc>Pauses the test executed for the given time.</doc>
<msg timestamp="20231012 14:19:18.503" level="INFO">Slept 1 second</msg>
<status status="PASS" starttime="20231012 14:19:17.502" endtime="20231012 14:19:18.504"/>
</kw>
<kw name="Click Element" library="SeleniumLibrary">
<arg>xpath:/html/body/main/div/div[2]/div/div[1]/div/div/div[2]/div/form/input[2]</arg>
<doc>Click the element identified by ``locator``.</doc>
<msg timestamp="20231012 14:19:18.507" level="INFO">Clicking element 'xpath:/html/body/main/div/div[2]/div/div[1]/div/div/div[2]/div/form/input[2]'.</msg>
<status status="PASS" starttime="20231012 14:19:18.505" endtime="20231012 14:19:20.037"/>
</kw>
<kw name="Sleep" library="BuiltIn">
<arg>2s</arg>
<doc>Pauses the test executed for the given time.</doc>
<msg timestamp="20231012 14:19:22.039" level="INFO">Slept 2 seconds</msg>
<status status="PASS" starttime="20231012 14:19:20.037" endtime="20231012 14:19:22.039"/>
</kw>
<kw name="Get Text" library="SeleniumLibrary">
<var>${FirstName_confirm}</var>
<arg>xpath:/html/body/main/div/div[2]/div/div[2]/div[2]/div[1]/div[2]/div[1]</arg>
<doc>Returns the text value of the element identified by ``locator``.</doc>
<msg timestamp="20231012 14:19:22.061" level="INFO">${FirstName_confirm} = Malong Dig</msg>
<status status="PASS" starttime="20231012 14:19:22.040" endtime="20231012 14:19:22.061"/>
</kw>
<kw name="Get Text" library="SeleniumLibrary">
<var>${LastName_confirm}</var>
<arg>xpath:/html/body/main/div/div[2]/div/div[2]/div[2]/div[1]/div[2]/div[1]</arg>
<doc>Returns the text value of the element identified by ``locator``.</doc>
<msg timestamp="20231012 14:19:22.074" level="INFO">${LastName_confirm} = Malong Dig</msg>
<status status="PASS" starttime="20231012 14:19:22.062" endtime="20231012 14:19:22.074"/>
</kw>
<kw name="Get Text" library="SeleniumLibrary">
<var>${Address_confirm}</var>
<arg>xpath:/html/body/main/div/div[2]/div/div[2]/div[2]/div[1]/div[2]/div[2]</arg>
<doc>Returns the text value of the element identified by ``locator``.</doc>
<msg timestamp="20231012 14:19:22.088" level="INFO">${Address_confirm} = Ottostraße 63</msg>
<status status="PASS" starttime="20231012 14:19:22.074" endtime="20231012 14:19:22.088"/>
</kw>
<kw name="Get Text" library="SeleniumLibrary">
<var>${PostalCode_confirm}</var>
<arg>xpath:/html/body/main/div/div[2]/div/div[2]/div[2]/div[1]/div[2]/div[3]</arg>
<doc>Returns the text value of the element identified by ``locator``.</doc>
<msg timestamp="20231012 14:19:22.100" level="INFO">${PostalCode_confirm} = 85521 Ottobrunn</msg>
<status status="PASS" starttime="20231012 14:19:22.089" endtime="20231012 14:19:22.101"/>
</kw>
<kw name="Get Text" library="SeleniumLibrary">
<var>${City_confirm}</var>
<arg>xpath:/html/body/main/div/div[2]/div/div[2]/div[2]/div[1]/div[2]/div[3]</arg>
<doc>Returns the text value of the element identified by ``locator``.</doc>
<msg timestamp="20231012 14:19:22.114" level="INFO">${City_confirm} = 85521 Ottobrunn</msg>
<status status="PASS" starttime="20231012 14:19:22.101" endtime="20231012 14:19:22.114"/>
</kw>
<kw name="Get Text" library="SeleniumLibrary">
<var>${EmailAddress_confirm}</var>
<arg>xpath:/html/body/main/div/div[2]/div/div[2]/div[2]/div[1]/div[2]/div[5]</arg>
<doc>Returns the text value of the element identified by ``locator``.</doc>
<msg timestamp="20231012 14:19:22.130" level="INFO">${EmailAddress_confirm} = malong.dig1987@gmail.com</msg>
<status status="PASS" starttime="20231012 14:19:22.115" endtime="20231012 14:19:22.130"/>
</kw>
<kw name="Get Text" library="SeleniumLibrary">
<var>${Phone_confirm}</var>
<arg>xpath:/html/body/main/div/div[2]/div/div[2]/div[2]/div[1]/div[2]/div[4]</arg>
<doc>Returns the text value of the element identified by ``locator``.</doc>
<msg timestamp="20231012 14:19:22.144" level="INFO">${Phone_confirm} = +358 4573987264</msg>
<status status="PASS" starttime="20231012 14:19:22.131" endtime="20231012 14:19:22.144"/>
</kw>
<kw name="Run Keyword And Continue On Failure" library="BuiltIn">
<arg>Should Contain</arg>
<arg>${FirstName_confirm}</arg>
<arg>${FirstName}</arg>
<doc>Runs the keyword and continues execution even if a failure occurs.</doc>
<kw name="Should Contain" library="BuiltIn">
<arg>${FirstName_confirm}</arg>
<arg>${FirstName}</arg>
<doc>Fails if ``container`` does not contain ``item`` one or more times.</doc>
<status status="PASS" starttime="20231012 14:19:22.145" endtime="20231012 14:19:22.145"/>
</kw>
<status status="PASS" starttime="20231012 14:19:22.144" endtime="20231012 14:19:22.145"/>
</kw>
<kw name="Run Keyword And Continue On Failure" library="BuiltIn">
<arg>Should Contain</arg>
<arg>${FirstName_confirm}</arg>
<arg>${LastName}</arg>
<doc>Runs the keyword and continues execution even if a failure occurs.</doc>
<kw name="Should Contain" library="BuiltIn">
<arg>${FirstName_confirm}</arg>
<arg>${LastName}</arg>
<doc>Fails if ``container`` does not contain ``item`` one or more times.</doc>
<status status="PASS" starttime="20231012 14:19:22.146" endtime="20231012 14:19:22.146"/>
</kw>
<status status="PASS" starttime="20231012 14:19:22.145" endtime="20231012 14:19:22.146"/>
</kw>
<kw name="Run Keyword And Continue On Failure" library="BuiltIn">
<arg>Should Be Equal</arg>
<arg>${Address_confirm}</arg>
<arg>${Address}</arg>
<doc>Runs the keyword and continues execution even if a failure occurs.</doc>
<kw name="Should Be Equal" library="BuiltIn">
<arg>${Address_confirm}</arg>
<arg>${Address}</arg>
<doc>Fails if the given objects are unequal.</doc>
<status status="PASS" starttime="20231012 14:19:22.146" endtime="20231012 14:19:22.146"/>
</kw>
<status status="PASS" starttime="20231012 14:19:22.146" endtime="20231012 14:19:22.147"/>
</kw>
<kw name="Run Keyword And Continue On Failure" library="BuiltIn">
<arg>Should Contain</arg>
<arg>${PostalCode_confirm}</arg>
<arg>${PostalCode}</arg>
<doc>Runs the keyword and continues execution even if a failure occurs.</doc>
<kw name="Should Contain" library="BuiltIn">
<arg>${PostalCode_confirm}</arg>
<arg>${PostalCode}</arg>
<doc>Fails if ``container`` does not contain ``item`` one or more times.</doc>
<status status="PASS" starttime="20231012 14:19:22.147" endtime="20231012 14:19:22.147"/>
</kw>
<status status="PASS" starttime="20231012 14:19:22.147" endtime="20231012 14:19:22.147"/>
</kw>
<kw name="Run Keyword And Continue On Failure" library="BuiltIn">
<arg>Should Contain</arg>
<arg>${City_confirm}</arg>
<arg>${City}</arg>
<doc>Runs the keyword and continues execution even if a failure occurs.</doc>
<kw name="Should Contain" library="BuiltIn">
<arg>${City_confirm}</arg>
<arg>${City}</arg>
<doc>Fails if ``container`` does not contain ``item`` one or more times.</doc>
<status status="PASS" starttime="20231012 14:19:22.148" endtime="20231012 14:19:22.148"/>
</kw>
<status status="PASS" starttime="20231012 14:19:22.147" endtime="20231012 14:19:22.148"/>
</kw>
<kw name="Run Keyword And Continue On Failure" library="BuiltIn">
<arg>Should Be Equal</arg>
<arg>${EmailAddress_confirm}</arg>
<arg>${EmailAddress}</arg>
<doc>Runs the keyword and continues execution even if a failure occurs.</doc>
<kw name="Should Be Equal" library="BuiltIn">
<arg>${EmailAddress_confirm}</arg>
<arg>${EmailAddress}</arg>
<doc>Fails if the given objects are unequal.</doc>
<status status="PASS" starttime="20231012 14:19:22.148" endtime="20231012 14:19:22.149"/>
</kw>
<status status="PASS" starttime="20231012 14:19:22.148" endtime="20231012 14:19:22.149"/>
</kw>
<kw name="Run Keyword And Continue On Failure" library="BuiltIn">
<arg>Should Be Equal</arg>
<arg>${Phone_confirm}</arg>
<arg>${Phone}</arg>
<doc>Runs the keyword and continues execution even if a failure occurs.</doc>
<kw name="Should Be Equal" library="BuiltIn">
<arg>${Phone_confirm}</arg>
<arg>${Phone}</arg>
<doc>Fails if the given objects are unequal.</doc>
<status status="PASS" starttime="20231012 14:19:22.149" endtime="20231012 14:19:22.150"/>
</kw>
<status status="PASS" starttime="20231012 14:19:22.149" endtime="20231012 14:19:22.150"/>
</kw>
<kw name="Close Browser" library="SeleniumLibrary">
<doc>Closes the current browser.</doc>
<status status="PASS" starttime="20231012 14:19:22.150" endtime="20231012 14:19:24.268"/>
</kw>
<status status="PASS" starttime="20231012 14:19:17.439" endtime="20231012 14:19:24.269"/>
</test>
<status status="FAIL" starttime="20231012 14:17:10.520" endtime="20231012 14:19:24.272"/>
</suite>
<statistics>
<total>
<stat pass="9" fail="1" skip="0">All Tests</stat>
</total>
<tag>
</tag>
<suite>
<stat pass="9" fail="1" skip="0" id="s1" name="Trinity">Trinity</stat>
</suite>
</statistics>
<errors>
<msg timestamp="20231012 14:17:15.421" level="WARN">Keyword 'Get Element Count' found both from a custom library 'SeleniumLibrary' and a standard library 'XML'. The custom keyword is used. To select explicitly, and to get rid of this warning, use either 'SeleniumLibrary.Get Element Count' or 'XML.Get Element Count'.</msg>
<msg timestamp="20231012 14:17:15.505" level="WARN">Keyword 'Get Element Attribute' found both from a custom library 'SeleniumLibrary' and a standard library 'XML'. The custom keyword is used. To select explicitly, and to get rid of this warning, use either 'SeleniumLibrary.Get Element Attribute' or 'XML.Get Element Attribute'.</msg>
<msg timestamp="20231012 14:17:17.605" level="WARN">Keyword 'Get Element Attribute' found both from a custom library 'SeleniumLibrary' and a standard library 'XML'. The custom keyword is used. To select explicitly, and to get rid of this warning, use either 'SeleniumLibrary.Get Element Attribute' or 'XML.Get Element Attribute'.</msg>
<msg timestamp="20231012 14:17:19.706" level="WARN">Keyword 'Get Element Attribute' found both from a custom library 'SeleniumLibrary' and a standard library 'XML'. The custom keyword is used. To select explicitly, and to get rid of this warning, use either 'SeleniumLibrary.Get Element Attribute' or 'XML.Get Element Attribute'.</msg>
<msg timestamp="20231012 14:17:21.786" level="WARN">Keyword 'Get Element Attribute' found both from a custom library 'SeleniumLibrary' and a standard library 'XML'. The custom keyword is used. To select explicitly, and to get rid of this warning, use either 'SeleniumLibrary.Get Element Attribute' or 'XML.Get Element Attribute'.</msg>
<msg timestamp="20231012 14:17:23.864" level="WARN">Keyword 'Get Element Attribute' found both from a custom library 'SeleniumLibrary' and a standard library 'XML'. The custom keyword is used. To select explicitly, and to get rid of this warning, use either 'SeleniumLibrary.Get Element Attribute' or 'XML.Get Element Attribute'.</msg>
<msg timestamp="20231012 14:17:25.959" level="WARN">Keyword 'Get Element Attribute' found both from a custom library 'SeleniumLibrary' and a standard library 'XML'. The custom keyword is used. To select explicitly, and to get rid of this warning, use either 'SeleniumLibrary.Get Element Attribute' or 'XML.Get Element Attribute'.</msg>
<msg timestamp="20231012 14:17:28.044" level="WARN">Keyword 'Get Element Attribute' found both from a custom library 'SeleniumLibrary' and a standard library 'XML'. The custom keyword is used. To select explicitly, and to get rid of this warning, use either 'SeleniumLibrary.Get Element Attribute' or 'XML.Get Element Attribute'.</msg>
<msg timestamp="20231012 14:17:30.124" level="WARN">Keyword 'Get Element Attribute' found both from a custom library 'SeleniumLibrary' and a standard library 'XML'. The custom keyword is used. To select explicitly, and to get rid of this warning, use either 'SeleniumLibrary.Get Element Attribute' or 'XML.Get Element Attribute'.</msg>
<msg timestamp="20231012 14:17:32.211" level="WARN">Keyword 'Get Element Attribute' found both from a custom library 'SeleniumLibrary' and a standard library 'XML'. The custom keyword is used. To select explicitly, and to get rid of this warning, use either 'SeleniumLibrary.Get Element Attribute' or 'XML.Get Element Attribute'.</msg>
<msg timestamp="20231012 14:17:34.294" level="WARN">Keyword 'Get Element Attribute' found both from a custom library 'SeleniumLibrary' and a standard library 'XML'. The custom keyword is used. To select explicitly, and to get rid of this warning, use either 'SeleniumLibrary.Get Element Attribute' or 'XML.Get Element Attribute'.</msg>
</errors>
</robot>
